{"/home/travis/build/npmtest/node-npmtest-tweetnacl/test.js":{"path":"/home/travis/build/npmtest/node-npmtest-tweetnacl/test.js","s":{"1":2,"2":2,"3":2,"4":2,"5":2,"6":2,"7":2,"8":1,"9":2,"10":2,"11":1,"12":1,"13":1,"14":1,"15":2,"16":2,"17":2,"18":2,"19":1,"20":1,"21":2,"22":2,"23":2,"24":1,"25":1,"26":1,"27":1,"28":1,"29":1,"30":1,"31":1,"32":1,"33":1,"34":1,"35":1,"36":1,"37":1,"38":1,"39":2,"40":2,"41":1,"42":2,"43":2,"44":1,"45":2,"46":2,"47":1,"48":2,"49":2,"50":1,"51":1,"52":1,"53":1,"54":1},"b":{"1":[2,1,1,1],"2":[1,1,1,1],"3":[1,1],"4":[1,1],"5":[1,1],"6":[1,1],"7":[1,1],"8":[1,1],"9":[1,1],"10":[1,1,1],"11":[1,1],"12":[1,1],"13":[1,1],"14":[1,1],"15":[1,1],"16":[1,1],"17":[1,1]},"f":{"1":2,"2":2,"3":2,"4":2,"5":2,"6":1,"7":1,"8":1,"9":2,"10":2,"11":2,"12":2,"13":1},"fnMap":{"1":{"name":"(anonymous_1)","line":12,"loc":{"start":{"line":12,"column":1},"end":{"line":12,"column":13}}},"2":{"name":"(anonymous_2)","line":19,"loc":{"start":{"line":19,"column":5},"end":{"line":19,"column":17}}},"3":{"name":"(anonymous_3)","line":23,"loc":{"start":{"line":23,"column":24},"end":{"line":23,"column":36}}},"4":{"name":"(anonymous_4)","line":61,"loc":{"start":{"line":61,"column":5},"end":{"line":61,"column":17}}},"5":{"name":"(anonymous_5)","line":82,"loc":{"start":{"line":82,"column":5},"end":{"line":82,"column":17}}},"6":{"name":"(anonymous_6)","line":91,"loc":{"start":{"line":91,"column":77},"end":{"line":94,"column":10}}},"7":{"name":"(anonymous_7)","line":112,"loc":{"start":{"line":112,"column":83},"end":{"line":115,"column":10}},"skip":true},"8":{"name":"(anonymous_8)","line":123,"loc":{"start":{"line":123,"column":77},"end":{"line":126,"column":10}},"skip":true},"9":{"name":"(anonymous_9)","line":139,"loc":{"start":{"line":139,"column":12},"end":{"line":139,"column":40}},"skip":true},"10":{"name":"(anonymous_10)","line":147,"loc":{"start":{"line":147,"column":77},"end":{"line":150,"column":10}},"skip":true},"11":{"name":"(anonymous_11)","line":158,"loc":{"start":{"line":158,"column":83},"end":{"line":161,"column":10}},"skip":true},"12":{"name":"(anonymous_12)","line":169,"loc":{"start":{"line":169,"column":79},"end":{"line":172,"column":10}},"skip":true},"13":{"name":"(anonymous_13)","line":180,"loc":{"start":{"line":180,"column":75},"end":{"line":183,"column":10}},"skip":true}},"statementMap":{"1":{"start":{"line":12,"column":0},"end":{"line":195,"column":5}},"2":{"start":{"line":14,"column":4},"end":{"line":14,"column":14}},"3":{"start":{"line":19,"column":4},"end":{"line":56,"column":9}},"4":{"start":{"line":21,"column":8},"end":{"line":21,"column":19}},"5":{"start":{"line":23,"column":8},"end":{"line":35,"column":13}},"6":{"start":{"line":24,"column":12},"end":{"line":34,"column":13}},"7":{"start":{"line":25,"column":16},"end":{"line":28,"column":30}},"8":{"start":{"line":30,"column":16},"end":{"line":33,"column":27}},"9":{"start":{"line":37,"column":8},"end":{"line":39,"column":21}},"10":{"start":{"line":40,"column":8},"end":{"line":53,"column":9}},"11":{"start":{"line":43,"column":12},"end":{"line":46,"column":14}},"12":{"start":{"line":47,"column":12},"end":{"line":47,"column":18}},"13":{"start":{"line":50,"column":12},"end":{"line":51,"column":33}},"14":{"start":{"line":52,"column":12},"end":{"line":52,"column":18}},"15":{"start":{"line":55,"column":8},"end":{"line":55,"column":35}},"16":{"start":{"line":61,"column":4},"end":{"line":63,"column":9}},"17":{"start":{"line":62,"column":8},"end":{"line":62,"column":15}},"18":{"start":{"line":64,"column":4},"end":{"line":77,"column":5}},"19":{"start":{"line":70,"column":8},"end":{"line":70,"column":14}},"20":{"start":{"line":76,"column":8},"end":{"line":76,"column":14}},"21":{"start":{"line":82,"column":4},"end":{"line":84,"column":9}},"22":{"start":{"line":83,"column":8},"end":{"line":83,"column":15}},"23":{"start":{"line":85,"column":4},"end":{"line":194,"column":5}},"24":{"start":{"line":91,"column":8},"end":{"line":99,"column":10}},"25":{"start":{"line":98,"column":12},"end":{"line":98,"column":35}},"26":{"start":{"line":102,"column":8},"end":{"line":104,"column":63}},"27":{"start":{"line":105,"column":8},"end":{"line":105,"column":14}},"28":{"start":{"line":112,"column":8},"end":{"line":121,"column":10},"skip":true},"29":{"start":{"line":119,"column":12},"end":{"line":119,"column":55},"skip":true},"30":{"start":{"line":120,"column":12},"end":{"line":120,"column":48},"skip":true},"31":{"start":{"line":123,"column":8},"end":{"line":136,"column":10},"skip":true},"32":{"start":{"line":130,"column":12},"end":{"line":130,"column":76},"skip":true},"33":{"start":{"line":131,"column":12},"end":{"line":131,"column":73},"skip":true},"34":{"start":{"line":132,"column":12},"end":{"line":132,"column":74},"skip":true},"35":{"start":{"line":133,"column":12},"end":{"line":133,"column":79},"skip":true},"36":{"start":{"line":134,"column":12},"end":{"line":134,"column":25},"skip":true},"37":{"start":{"line":135,"column":12},"end":{"line":135,"column":45},"skip":true},"38":{"start":{"line":138,"column":8},"end":{"line":145,"column":14},"skip":true},"39":{"start":{"line":143,"column":16},"end":{"line":143,"column":29},"skip":true},"40":{"start":{"line":144,"column":16},"end":{"line":144,"column":55},"skip":true},"41":{"start":{"line":147,"column":8},"end":{"line":156,"column":10},"skip":true},"42":{"start":{"line":154,"column":12},"end":{"line":154,"column":25},"skip":true},"43":{"start":{"line":155,"column":12},"end":{"line":155,"column":45},"skip":true},"44":{"start":{"line":158,"column":8},"end":{"line":167,"column":10},"skip":true},"45":{"start":{"line":165,"column":12},"end":{"line":165,"column":25},"skip":true},"46":{"start":{"line":166,"column":12},"end":{"line":166,"column":48},"skip":true},"47":{"start":{"line":169,"column":8},"end":{"line":178,"column":10},"skip":true},"48":{"start":{"line":176,"column":12},"end":{"line":176,"column":25},"skip":true},"49":{"start":{"line":177,"column":12},"end":{"line":177,"column":46},"skip":true},"50":{"start":{"line":180,"column":8},"end":{"line":189,"column":10},"skip":true},"51":{"start":{"line":187,"column":12},"end":{"line":187,"column":94},"skip":true},"52":{"start":{"line":188,"column":12},"end":{"line":188,"column":48},"skip":true},"53":{"start":{"line":192,"column":8},"end":{"line":192,"column":35},"skip":true},"54":{"start":{"line":193,"column":8},"end":{"line":193,"column":14},"skip":true}},"branchMap":{"1":{"line":25,"type":"binary-expr","locations":[{"start":{"line":25,"column":23},"end":{"line":25,"column":62}},{"start":{"line":26,"column":20},"end":{"line":26,"column":70}},{"start":{"line":27,"column":20},"end":{"line":27,"column":71}},{"start":{"line":28,"column":20},"end":{"line":28,"column":29}}]},"2":{"line":30,"type":"binary-expr","locations":[{"start":{"line":30,"column":23},"end":{"line":30,"column":37}},{"start":{"line":31,"column":20},"end":{"line":31,"column":61}},{"start":{"line":32,"column":20},"end":{"line":32,"column":70}},{"start":{"line":33,"column":20},"end":{"line":33,"column":26}}]},"3":{"line":37,"type":"cond-expr","locations":[{"start":{"line":38,"column":14},"end":{"line":38,"column":20}},{"start":{"line":39,"column":14},"end":{"line":39,"column":20}}]},"4":{"line":40,"type":"switch","locations":[{"start":{"line":42,"column":8},"end":{"line":47,"column":18}},{"start":{"line":49,"column":8},"end":{"line":52,"column":18}}]},"5":{"line":44,"type":"binary-expr","locations":[{"start":{"line":44,"column":16},"end":{"line":44,"column":44}},{"start":{"line":44,"column":48},"end":{"line":44,"column":66}}]},"6":{"line":50,"type":"binary-expr","locations":[{"start":{"line":50,"column":21},"end":{"line":50,"column":49}},{"start":{"line":50,"column":53},"end":{"line":50,"column":72}}]},"7":{"line":64,"type":"switch","locations":[{"start":{"line":69,"column":4},"end":{"line":70,"column":14}},{"start":{"line":75,"column":4},"end":{"line":76,"column":14}}]},"8":{"line":85,"type":"switch","locations":[{"start":{"line":90,"column":4},"end":{"line":105,"column":14}},{"start":{"line":111,"column":4},"end":{"line":193,"column":14},"skip":true}]},"9":{"line":91,"type":"binary-expr","locations":[{"start":{"line":91,"column":42},"end":{"line":91,"column":73}},{"start":{"line":91,"column":77},"end":{"line":99,"column":9}}]},"10":{"line":102,"type":"binary-expr","locations":[{"start":{"line":102,"column":18},"end":{"line":102,"column":32}},{"start":{"line":103,"column":12},"end":{"line":103,"column":53}},{"start":{"line":104,"column":12},"end":{"line":104,"column":61}}]},"11":{"line":112,"type":"binary-expr","locations":[{"start":{"line":112,"column":45},"end":{"line":112,"column":79},"skip":true},{"start":{"line":112,"column":83},"end":{"line":121,"column":9},"skip":true}]},"12":{"line":123,"type":"binary-expr","locations":[{"start":{"line":123,"column":42},"end":{"line":123,"column":73},"skip":true},{"start":{"line":123,"column":77},"end":{"line":136,"column":9},"skip":true}]},"13":{"line":138,"type":"binary-expr","locations":[{"start":{"line":138,"column":48},"end":{"line":138,"column":85},"skip":true},{"start":{"line":139,"column":12},"end":{"line":145,"column":13},"skip":true}]},"14":{"line":147,"type":"binary-expr","locations":[{"start":{"line":147,"column":42},"end":{"line":147,"column":73},"skip":true},{"start":{"line":147,"column":77},"end":{"line":156,"column":9},"skip":true}]},"15":{"line":158,"type":"binary-expr","locations":[{"start":{"line":158,"column":45},"end":{"line":158,"column":79},"skip":true},{"start":{"line":158,"column":83},"end":{"line":167,"column":9},"skip":true}]},"16":{"line":169,"type":"binary-expr","locations":[{"start":{"line":169,"column":43},"end":{"line":169,"column":75},"skip":true},{"start":{"line":169,"column":79},"end":{"line":178,"column":9},"skip":true}]},"17":{"line":180,"type":"binary-expr","locations":[{"start":{"line":180,"column":41},"end":{"line":180,"column":71},"skip":true},{"start":{"line":180,"column":75},"end":{"line":189,"column":9},"skip":true}]}},"code":["/* istanbul instrument in package npmtest_tweetnacl */","/*jslint","    bitwise: true,","    browser: true,","    maxerr: 8,","    maxlen: 96,","    node: true,","    nomen: true,","    regexp: true,","    stupid: true","*/","(function () {","    'use strict';","    var local;","","","","    // run shared js-env code - init-before","    (function () {","        // init local","        local = {};","        // init modeJs","        local.modeJs = (function () {","            try {","                return typeof navigator.userAgent === 'string' &&","                    typeof document.querySelector('body') === 'object' &&","                    typeof XMLHttpRequest.prototype.open === 'function' &&","                    'browser';","            } catch (errorCaughtBrowser) {","                return module.exports &&","                    typeof process.versions.node === 'string' &&","                    typeof require('http').createServer === 'function' &&","                    'node';","            }","        }());","        // init global","        local.global = local.modeJs === 'browser'","            ? window","            : global;","        switch (local.modeJs) {","        // re-init local from window.local","        case 'browser':","            local = local.global.utility2.objectSetDefault(","                local.global.utility2_rollup || local.global.local,","                local.global.utility2","            );","            break;","        // re-init local from example.js","        case 'node':","            local = (local.global.utility2_rollup || require('utility2'))","                .requireReadme();","            break;","        }","        // export local","        local.global.local = local;","    }());","","","","    // run shared js-env code - function","    (function () {","        return;","    }());","    switch (local.modeJs) {","","","","    // run browser js-env code - function","    case 'browser':","        break;","","","","    // run node js-env code - function","    case 'node':","        break;","    }","","","","    // run shared js-env code - init-after","    (function () {","        return;","    }());","    switch (local.modeJs) {","","","","    // run browser js-env code - init-after","    case 'browser':","        local.testCase_browser_nullCase = local.testCase_browser_nullCase || function (","            options,","            onError","        ) {","        /*","         * this function will test browsers's null-case handling-behavior-behavior","         */","            onError(null, options);","        };","","        // run tests","        local.nop(local.modeTest &&","            document.querySelector('#testRunButton1') &&","            document.querySelector('#testRunButton1').click());","        break;","","","","    // run node js-env code - init-after","    /* istanbul ignore next */","    case 'node':","        local.testCase_buildApidoc_default = local.testCase_buildApidoc_default || function (","            options,","            onError","        ) {","        /*","         * this function will test buildApidoc's default handling-behavior-behavior","         */","            options = { modulePathList: module.paths };","            local.buildApidoc(options, onError);","        };","","        local.testCase_buildApp_default = local.testCase_buildApp_default || function (","            options,","            onError","        ) {","        /*","         * this function will test buildApp's default handling-behavior-behavior","         */","            local.testCase_buildReadme_default(options, local.onErrorThrow);","            local.testCase_buildLib_default(options, local.onErrorThrow);","            local.testCase_buildTest_default(options, local.onErrorThrow);","            local.testCase_buildCustomOrg_default(options, local.onErrorThrow);","            options = [];","            local.buildApp(options, onError);","        };","","        local.testCase_buildCustomOrg_default = local.testCase_buildCustomOrg_default ||","            function (options, onError) {","            /*","             * this function will test buildCustomOrg's default handling-behavior","             */","                options = {};","                local.buildCustomOrg(options, onError);","            };","","        local.testCase_buildLib_default = local.testCase_buildLib_default || function (","            options,","            onError","        ) {","        /*","         * this function will test buildLib's default handling-behavior","         */","            options = {};","            local.buildLib(options, onError);","        };","","        local.testCase_buildReadme_default = local.testCase_buildReadme_default || function (","            options,","            onError","        ) {","        /*","         * this function will test buildReadme's default handling-behavior-behavior","         */","            options = {};","            local.buildReadme(options, onError);","        };","","        local.testCase_buildTest_default = local.testCase_buildTest_default || function (","            options,","            onError","        ) {","        /*","         * this function will test buildTest's default handling-behavior","         */","            options = {};","            local.buildTest(options, onError);","        };","","        local.testCase_webpage_default = local.testCase_webpage_default || function (","            options,","            onError","        ) {","        /*","         * this function will test webpage's default handling-behavior","         */","            options = { modeCoverageMerge: true, url: local.serverLocalHost + '?modeTest=1' };","            local.browserTest(options, onError);","        };","","        // run test-server","        local.testRunServer(local);","        break;","    }","}());",""],"l":{"12":2,"14":2,"19":2,"21":2,"23":2,"24":2,"25":2,"30":1,"37":2,"40":2,"43":1,"47":1,"50":1,"52":1,"55":2,"61":2,"62":2,"64":2,"70":1,"76":1,"82":2,"83":2,"85":2,"91":1,"98":1,"102":1,"105":1,"112":1,"119":1,"120":1,"123":1,"130":1,"131":1,"132":1,"133":1,"134":1,"135":1,"138":1,"143":2,"144":2,"147":1,"154":2,"155":2,"158":1,"165":2,"166":2,"169":1,"176":2,"177":2,"180":1,"187":1,"188":1,"192":1,"193":1}},"/home/travis/build/npmtest/node-npmtest-tweetnacl/lib.npmtest_tweetnacl.js":{"path":"/home/travis/build/npmtest/node-npmtest-tweetnacl/lib.npmtest_tweetnacl.js","s":{"1":2,"2":2,"3":2,"4":2,"5":2,"6":2,"7":2,"8":1,"9":2,"10":2,"11":2,"12":2,"13":1,"14":1,"15":1,"16":1},"b":{"1":[2,1,1,1],"2":[1,1,1,1],"3":[1,1],"4":[2,2],"5":[1,1]},"f":{"1":2,"2":2,"3":2},"fnMap":{"1":{"name":"(anonymous_1)","line":12,"loc":{"start":{"line":12,"column":1},"end":{"line":12,"column":13}}},"2":{"name":"(anonymous_2)","line":19,"loc":{"start":{"line":19,"column":5},"end":{"line":19,"column":17}}},"3":{"name":"(anonymous_3)","line":23,"loc":{"start":{"line":23,"column":24},"end":{"line":23,"column":36}}}},"statementMap":{"1":{"start":{"line":12,"column":0},"end":{"line":53,"column":5}},"2":{"start":{"line":14,"column":4},"end":{"line":14,"column":14}},"3":{"start":{"line":19,"column":4},"end":{"line":52,"column":9}},"4":{"start":{"line":21,"column":8},"end":{"line":21,"column":19}},"5":{"start":{"line":23,"column":8},"end":{"line":35,"column":13}},"6":{"start":{"line":24,"column":12},"end":{"line":34,"column":13}},"7":{"start":{"line":25,"column":16},"end":{"line":28,"column":30}},"8":{"start":{"line":30,"column":16},"end":{"line":33,"column":27}},"9":{"start":{"line":37,"column":8},"end":{"line":39,"column":21}},"10":{"start":{"line":41,"column":8},"end":{"line":41,"column":54}},"11":{"start":{"line":43,"column":8},"end":{"line":43,"column":54}},"12":{"start":{"line":45,"column":8},"end":{"line":51,"column":9}},"13":{"start":{"line":46,"column":12},"end":{"line":46,"column":60}},"14":{"start":{"line":48,"column":12},"end":{"line":48,"column":35}},"15":{"start":{"line":49,"column":12},"end":{"line":49,"column":49}},"16":{"start":{"line":50,"column":12},"end":{"line":50,"column":43}}},"branchMap":{"1":{"line":25,"type":"binary-expr","locations":[{"start":{"line":25,"column":23},"end":{"line":25,"column":62}},{"start":{"line":26,"column":20},"end":{"line":26,"column":70}},{"start":{"line":27,"column":20},"end":{"line":27,"column":71}},{"start":{"line":28,"column":20},"end":{"line":28,"column":29}}]},"2":{"line":30,"type":"binary-expr","locations":[{"start":{"line":30,"column":23},"end":{"line":30,"column":37}},{"start":{"line":31,"column":20},"end":{"line":31,"column":61}},{"start":{"line":32,"column":20},"end":{"line":32,"column":70}},{"start":{"line":33,"column":20},"end":{"line":33,"column":26}}]},"3":{"line":37,"type":"cond-expr","locations":[{"start":{"line":38,"column":14},"end":{"line":38,"column":20}},{"start":{"line":39,"column":14},"end":{"line":39,"column":20}}]},"4":{"line":41,"type":"binary-expr","locations":[{"start":{"line":41,"column":16},"end":{"line":41,"column":44}},{"start":{"line":41,"column":48},"end":{"line":41,"column":53}}]},"5":{"line":45,"type":"if","locations":[{"start":{"line":45,"column":8},"end":{"line":45,"column":8}},{"start":{"line":45,"column":8},"end":{"line":45,"column":8}}]}},"code":["/* istanbul instrument in package npmtest_tweetnacl */","/*jslint","    bitwise: true,","    browser: true,","    maxerr: 8,","    maxlen: 96,","    node: true,","    nomen: true,","    regexp: true,","    stupid: true","*/","(function () {","    'use strict';","    var local;","","","","    // run shared js-env code - init-before","    (function () {","        // init local","        local = {};","        // init modeJs","        local.modeJs = (function () {","            try {","                return typeof navigator.userAgent === 'string' &&","                    typeof document.querySelector('body') === 'object' &&","                    typeof XMLHttpRequest.prototype.open === 'function' &&","                    'browser';","            } catch (errorCaughtBrowser) {","                return module.exports &&","                    typeof process.versions.node === 'string' &&","                    typeof require('http').createServer === 'function' &&","                    'node';","            }","        }());","        // init global","        local.global = local.modeJs === 'browser'","            ? window","            : global;","        // init utility2_rollup","        local = local.global.utility2_rollup || local;","        // init lib","        local.local = local.npmtest_tweetnacl = local;","        // init exports","        if (local.modeJs === 'browser') {","            local.global.utility2_npmtest_tweetnacl = local;","        } else {","            module.exports = local;","            module.exports.__dirname = __dirname;","            module.exports.module = module;","        }","    }());","}());",""],"l":{"12":2,"14":2,"19":2,"21":2,"23":2,"24":2,"25":2,"30":1,"37":2,"41":2,"43":2,"45":2,"46":1,"48":1,"49":1,"50":1}},"/home/travis/build/npmtest/node-npmtest-tweetnacl/example.js":{"path":"/home/travis/build/npmtest/node-npmtest-tweetnacl/example.js","s":{"1":2,"2":2,"3":2,"4":2,"5":2,"6":2,"7":2,"8":1,"9":2,"10":2,"11":2,"12":2,"13":1,"14":2,"15":2,"16":2,"17":2,"18":2,"19":0,"20":2,"21":1,"22":1,"23":1,"24":1,"25":1,"26":0,"27":0,"28":1,"29":1,"30":2,"31":0,"32":0,"33":0,"34":1,"35":2,"36":2,"37":3,"38":3,"39":3,"40":3,"41":0,"42":3,"43":3,"44":3,"45":1,"46":3,"47":1,"48":1,"49":1,"50":1,"51":1,"52":1,"53":1,"54":1,"55":1,"56":1,"57":0,"58":1,"59":6,"60":6,"61":1,"62":2,"63":0,"64":2,"65":1,"66":1,"67":0,"68":0,"69":0,"70":0,"71":0,"72":0,"73":0,"74":0,"75":0,"76":0,"77":0,"78":0,"79":0,"80":0,"81":0,"82":0,"83":0},"b":{"1":[2,1,1,1],"2":[1,1,1,1],"3":[1,1],"4":[2,2],"5":[1,1],"6":[1,1],"7":[2,0],"8":[2,1,1,1,1,1],"9":[0,2,0],"10":[1,1],"11":[2,1,1],"12":[1,0],"13":[0,2],"14":[2,0,0,0,0,0,0],"15":[0,3],"16":[3,0],"17":[1,1],"18":[0,1],"19":[1,2,0,2],"20":[1,0],"21":[1,1],"22":[0,0],"23":[0,0],"24":[0,0],"25":[0,0],"26":[0,0],"27":[0,0],"28":[0,0]},"f":{"1":2,"2":2,"3":2,"4":2,"5":2,"6":2,"7":3,"8":3,"9":3,"10":1,"11":6,"12":0},"fnMap":{"1":{"name":"(anonymous_1)","line":26,"loc":{"start":{"line":26,"column":1},"end":{"line":26,"column":13}}},"2":{"name":"(anonymous_2)","line":33,"loc":{"start":{"line":33,"column":5},"end":{"line":33,"column":17}}},"3":{"name":"(anonymous_3)","line":37,"loc":{"start":{"line":37,"column":24},"end":{"line":37,"column":36}}},"4":{"name":"(anonymous_4)","line":69,"loc":{"start":{"line":69,"column":31},"end":{"line":69,"column":48}},"skip":true},"5":{"name":"(anonymous_5)","line":78,"loc":{"start":{"line":78,"column":26},"end":{"line":78,"column":45}},"skip":true},"6":{"name":"(anonymous_6)","line":123,"loc":{"start":{"line":123,"column":33},"end":{"line":123,"column":48}},"skip":true},"7":{"name":"(anonymous_7)","line":125,"loc":{"start":{"line":125,"column":27},"end":{"line":125,"column":39}},"skip":true},"8":{"name":"(anonymous_8)","line":133,"loc":{"start":{"line":133,"column":59},"end":{"line":133,"column":74}},"skip":true},"9":{"name":"(anonymous_9)","line":143,"loc":{"start":{"line":143,"column":45},"end":{"line":143,"column":62}},"skip":true},"10":{"name":"(anonymous_10)","line":144,"loc":{"start":{"line":144,"column":73},"end":{"line":144,"column":92}},"skip":true},"11":{"name":"(anonymous_11)","line":272,"loc":{"start":{"line":272,"column":51},"end":{"line":272,"column":77}},"skip":true},"12":{"name":"(anonymous_12)","line":315,"loc":{"start":{"line":315,"column":32},"end":{"line":315,"column":61}},"skip":true}},"statementMap":{"1":{"start":{"line":26,"column":0},"end":{"line":326,"column":5}},"2":{"start":{"line":28,"column":4},"end":{"line":28,"column":14}},"3":{"start":{"line":33,"column":4},"end":{"line":60,"column":9}},"4":{"start":{"line":35,"column":8},"end":{"line":35,"column":19}},"5":{"start":{"line":37,"column":8},"end":{"line":49,"column":13}},"6":{"start":{"line":38,"column":12},"end":{"line":48,"column":13}},"7":{"start":{"line":39,"column":16},"end":{"line":42,"column":30}},"8":{"start":{"line":44,"column":16},"end":{"line":47,"column":27}},"9":{"start":{"line":51,"column":8},"end":{"line":53,"column":21}},"10":{"start":{"line":55,"column":8},"end":{"line":57,"column":45}},"11":{"start":{"line":59,"column":8},"end":{"line":59,"column":35}},"12":{"start":{"line":61,"column":4},"end":{"line":325,"column":5}},"13":{"start":{"line":69,"column":8},"end":{"line":121,"column":10},"skip":true},"14":{"start":{"line":70,"column":12},"end":{"line":88,"column":13},"skip":true},"15":{"start":{"line":76,"column":16},"end":{"line":87,"column":19},"skip":true},"16":{"start":{"line":79,"column":20},"end":{"line":86,"column":21},"skip":true},"17":{"start":{"line":82,"column":24},"end":{"line":82,"column":43},"skip":true},"18":{"start":{"line":83,"column":24},"end":{"line":83,"column":30},"skip":true},"19":{"start":{"line":85,"column":24},"end":{"line":85,"column":49},"skip":true},"20":{"start":{"line":89,"column":12},"end":{"line":107,"column":13},"skip":true},"21":{"start":{"line":92,"column":16},"end":{"line":102,"column":17},"skip":true},"22":{"start":{"line":93,"column":20},"end":{"line":93,"column":86},"skip":true},"23":{"start":{"line":94,"column":20},"end":{"line":95,"column":45},"skip":true},"24":{"start":{"line":96,"column":20},"end":{"line":96,"column":42},"skip":true},"25":{"start":{"line":97,"column":20},"end":{"line":97,"column":48},"skip":true},"26":{"start":{"line":100,"column":20},"end":{"line":100,"column":85},"skip":true},"27":{"start":{"line":101,"column":20},"end":{"line":101,"column":96},"skip":true},"28":{"start":{"line":103,"column":16},"end":{"line":103,"column":22},"skip":true},"29":{"start":{"line":106,"column":16},"end":{"line":106,"column":22},"skip":true},"30":{"start":{"line":108,"column":12},"end":{"line":120,"column":13},"skip":true},"31":{"start":{"line":114,"column":16},"end":{"line":119,"column":17},"skip":true},"32":{"start":{"line":116,"column":20},"end":{"line":116,"column":78},"skip":true},"33":{"start":{"line":118,"column":20},"end":{"line":118,"column":47},"skip":true},"34":{"start":{"line":123,"column":8},"end":{"line":141,"column":11},"skip":true},"35":{"start":{"line":124,"column":12},"end":{"line":124,"column":54},"skip":true},"36":{"start":{"line":125,"column":12},"end":{"line":140,"column":14},"skip":true},"37":{"start":{"line":126,"column":16},"end":{"line":126,"column":28},"skip":true},"38":{"start":{"line":127,"column":16},"end":{"line":127,"column":69},"skip":true},"39":{"start":{"line":128,"column":16},"end":{"line":128,"column":75},"skip":true},"40":{"start":{"line":129,"column":16},"end":{"line":131,"column":17},"skip":true},"41":{"start":{"line":130,"column":20},"end":{"line":130,"column":27},"skip":true},"42":{"start":{"line":133,"column":16},"end":{"line":137,"column":36},"skip":true},"43":{"start":{"line":134,"column":20},"end":{"line":136,"column":55},"skip":true},"44":{"start":{"line":139,"column":16},"end":{"line":139,"column":57},"skip":true},"45":{"start":{"line":143,"column":8},"end":{"line":147,"column":11},"skip":true},"46":{"start":{"line":144,"column":12},"end":{"line":146,"column":15},"skip":true},"47":{"start":{"line":145,"column":16},"end":{"line":145,"column":70},"skip":true},"48":{"start":{"line":149,"column":8},"end":{"line":149,"column":31},"skip":true},"49":{"start":{"line":150,"column":8},"end":{"line":150,"column":14},"skip":true},"50":{"start":{"line":158,"column":8},"end":{"line":158,"column":31},"skip":true},"51":{"start":{"line":160,"column":8},"end":{"line":160,"column":33},"skip":true},"52":{"start":{"line":161,"column":8},"end":{"line":161,"column":37},"skip":true},"53":{"start":{"line":162,"column":8},"end":{"line":162,"column":35},"skip":true},"54":{"start":{"line":164,"column":8},"end":{"line":164,"column":50},"skip":true},"55":{"start":{"line":166,"column":8},"end":{"line":256,"column":2},"skip":true},"56":{"start":{"line":258,"column":8},"end":{"line":286,"column":9},"skip":true},"57":{"start":{"line":259,"column":12},"end":{"line":269,"column":14},"skip":true},"58":{"start":{"line":271,"column":12},"end":{"line":285,"column":19},"skip":true},"59":{"start":{"line":274,"column":20},"end":{"line":274,"column":35},"skip":true},"60":{"start":{"line":275,"column":20},"end":{"line":284,"column":21},"skip":true},"61":{"start":{"line":277,"column":24},"end":{"line":277,"column":64},"skip":true},"62":{"start":{"line":279,"column":24},"end":{"line":279,"column":40},"skip":true},"63":{"start":{"line":281,"column":24},"end":{"line":281,"column":40},"skip":true},"64":{"start":{"line":283,"column":24},"end":{"line":283,"column":39},"skip":true},"65":{"start":{"line":288,"column":8},"end":{"line":290,"column":9},"skip":true},"66":{"start":{"line":289,"column":12},"end":{"line":289,"column":18},"skip":true},"67":{"start":{"line":291,"column":8},"end":{"line":293,"column":54},"skip":true},"68":{"start":{"line":296,"column":8},"end":{"line":301,"column":37},"skip":true},"69":{"start":{"line":303,"column":8},"end":{"line":303,"column":82},"skip":true},"70":{"start":{"line":306,"column":8},"end":{"line":308,"column":9},"skip":true},"71":{"start":{"line":307,"column":12},"end":{"line":307,"column":82},"skip":true},"72":{"start":{"line":310,"column":8},"end":{"line":312,"column":9},"skip":true},"73":{"start":{"line":311,"column":12},"end":{"line":311,"column":18},"skip":true},"74":{"start":{"line":313,"column":8},"end":{"line":313,"column":54},"skip":true},"75":{"start":{"line":314,"column":8},"end":{"line":314,"column":69},"skip":true},"76":{"start":{"line":315,"column":8},"end":{"line":323,"column":36},"skip":true},"77":{"start":{"line":316,"column":12},"end":{"line":316,"column":61},"skip":true},"78":{"start":{"line":317,"column":12},"end":{"line":320,"column":13},"skip":true},"79":{"start":{"line":318,"column":16},"end":{"line":318,"column":75},"skip":true},"80":{"start":{"line":319,"column":16},"end":{"line":319,"column":23},"skip":true},"81":{"start":{"line":321,"column":12},"end":{"line":321,"column":38},"skip":true},"82":{"start":{"line":322,"column":12},"end":{"line":322,"column":27},"skip":true},"83":{"start":{"line":324,"column":8},"end":{"line":324,"column":14},"skip":true}},"branchMap":{"1":{"line":39,"type":"binary-expr","locations":[{"start":{"line":39,"column":23},"end":{"line":39,"column":62}},{"start":{"line":40,"column":20},"end":{"line":40,"column":70}},{"start":{"line":41,"column":20},"end":{"line":41,"column":71}},{"start":{"line":42,"column":20},"end":{"line":42,"column":29}}]},"2":{"line":44,"type":"binary-expr","locations":[{"start":{"line":44,"column":23},"end":{"line":44,"column":37}},{"start":{"line":45,"column":20},"end":{"line":45,"column":61}},{"start":{"line":46,"column":20},"end":{"line":46,"column":70}},{"start":{"line":47,"column":20},"end":{"line":47,"column":26}}]},"3":{"line":51,"type":"cond-expr","locations":[{"start":{"line":52,"column":14},"end":{"line":52,"column":20}},{"start":{"line":53,"column":14},"end":{"line":53,"column":20}}]},"4":{"line":55,"type":"binary-expr","locations":[{"start":{"line":55,"column":16},"end":{"line":55,"column":44}},{"start":{"line":55,"column":49},"end":{"line":57,"column":43}}]},"5":{"line":55,"type":"cond-expr","locations":[{"start":{"line":56,"column":14},"end":{"line":56,"column":53}},{"start":{"line":57,"column":14},"end":{"line":57,"column":43}}]},"6":{"line":61,"type":"switch","locations":[{"start":{"line":68,"column":4},"end":{"line":150,"column":14},"skip":true},{"start":{"line":156,"column":4},"end":{"line":324,"column":14},"skip":true}]},"7":{"line":70,"type":"if","locations":[{"start":{"line":70,"column":12},"end":{"line":70,"column":12},"skip":true},{"start":{"line":70,"column":12},"end":{"line":70,"column":12},"skip":true}]},"8":{"line":70,"type":"binary-expr","locations":[{"start":{"line":70,"column":16},"end":{"line":70,"column":22},"skip":true},{"start":{"line":70,"column":27},"end":{"line":70,"column":32},"skip":true},{"start":{"line":71,"column":20},"end":{"line":71,"column":39},"skip":true},{"start":{"line":72,"column":20},"end":{"line":72,"column":49},"skip":true},{"start":{"line":73,"column":20},"end":{"line":73,"column":58},"skip":true},{"start":{"line":74,"column":20},"end":{"line":74,"column":69},"skip":true}]},"9":{"line":79,"type":"switch","locations":[{"start":{"line":80,"column":20},"end":{"line":80,"column":33},"skip":true},{"start":{"line":81,"column":20},"end":{"line":83,"column":30},"skip":true},{"start":{"line":84,"column":20},"end":{"line":85,"column":49},"skip":true}]},"10":{"line":89,"type":"switch","locations":[{"start":{"line":90,"column":12},"end":{"line":103,"column":22},"skip":true},{"start":{"line":105,"column":12},"end":{"line":106,"column":22},"skip":true}]},"11":{"line":89,"type":"binary-expr","locations":[{"start":{"line":89,"column":20},"end":{"line":89,"column":25},"skip":true},{"start":{"line":89,"column":29},"end":{"line":89,"column":48},"skip":true},{"start":{"line":89,"column":52},"end":{"line":89,"column":74},"skip":true}]},"12":{"line":92,"type":"if","locations":[{"start":{"line":92,"column":16},"end":{"line":92,"column":16},"skip":true},{"start":{"line":92,"column":16},"end":{"line":92,"column":16},"skip":true}]},"13":{"line":108,"type":"if","locations":[{"start":{"line":108,"column":12},"end":{"line":108,"column":12},"skip":true},{"start":{"line":108,"column":12},"end":{"line":108,"column":12},"skip":true}]},"14":{"line":108,"type":"binary-expr","locations":[{"start":{"line":108,"column":16},"end":{"line":108,"column":61},"skip":true},{"start":{"line":108,"column":66},"end":{"line":108,"column":72},"skip":true},{"start":{"line":108,"column":77},"end":{"line":108,"column":82},"skip":true},{"start":{"line":109,"column":20},"end":{"line":109,"column":39},"skip":true},{"start":{"line":110,"column":20},"end":{"line":110,"column":49},"skip":true},{"start":{"line":111,"column":20},"end":{"line":111,"column":58},"skip":true},{"start":{"line":112,"column":20},"end":{"line":112,"column":68},"skip":true}]},"15":{"line":129,"type":"if","locations":[{"start":{"line":129,"column":16},"end":{"line":129,"column":16},"skip":true},{"start":{"line":129,"column":16},"end":{"line":129,"column":16},"skip":true}]},"16":{"line":134,"type":"cond-expr","locations":[{"start":{"line":135,"column":26},"end":{"line":135,"column":29},"skip":true},{"start":{"line":136,"column":26},"end":{"line":136,"column":54},"skip":true}]},"17":{"line":164,"type":"binary-expr","locations":[{"start":{"line":164,"column":27},"end":{"line":164,"column":43},"skip":true},{"start":{"line":164,"column":47},"end":{"line":164,"column":49},"skip":true}]},"18":{"line":258,"type":"if","locations":[{"start":{"line":258,"column":8},"end":{"line":258,"column":8},"skip":true},{"start":{"line":258,"column":8},"end":{"line":258,"column":8},"skip":true}]},"19":{"line":275,"type":"switch","locations":[{"start":{"line":276,"column":20},"end":{"line":277,"column":64},"skip":true},{"start":{"line":278,"column":20},"end":{"line":279,"column":40},"skip":true},{"start":{"line":280,"column":20},"end":{"line":281,"column":40},"skip":true},{"start":{"line":282,"column":20},"end":{"line":283,"column":39},"skip":true}]},"20":{"line":288,"type":"if","locations":[{"start":{"line":288,"column":8},"end":{"line":288,"column":8},"skip":true},{"start":{"line":288,"column":8},"end":{"line":288,"column":8},"skip":true}]},"21":{"line":288,"type":"binary-expr","locations":[{"start":{"line":288,"column":12},"end":{"line":288,"column":40},"skip":true},{"start":{"line":288,"column":44},"end":{"line":288,"column":67},"skip":true}]},"22":{"line":292,"type":"binary-expr","locations":[{"start":{"line":292,"column":12},"end":{"line":292,"column":50},"skip":true},{"start":{"line":293,"column":12},"end":{"line":293,"column":53},"skip":true}]},"23":{"line":297,"type":"binary-expr","locations":[{"start":{"line":297,"column":12},"end":{"line":297,"column":67},"skip":true},{"start":{"line":298,"column":12},"end":{"line":301,"column":36},"skip":true}]},"24":{"line":303,"type":"binary-expr","locations":[{"start":{"line":303,"column":43},"end":{"line":303,"column":75},"skip":true},{"start":{"line":303,"column":79},"end":{"line":303,"column":81},"skip":true}]},"25":{"line":306,"type":"if","locations":[{"start":{"line":306,"column":8},"end":{"line":306,"column":8},"skip":true},{"start":{"line":306,"column":8},"end":{"line":306,"column":8},"skip":true}]},"26":{"line":310,"type":"if","locations":[{"start":{"line":310,"column":8},"end":{"line":310,"column":8},"skip":true},{"start":{"line":310,"column":8},"end":{"line":310,"column":8},"skip":true}]},"27":{"line":313,"type":"binary-expr","locations":[{"start":{"line":313,"column":27},"end":{"line":313,"column":43},"skip":true},{"start":{"line":313,"column":47},"end":{"line":313,"column":53},"skip":true}]},"28":{"line":317,"type":"if","locations":[{"start":{"line":317,"column":12},"end":{"line":317,"column":12},"skip":true},{"start":{"line":317,"column":12},"end":{"line":317,"column":12},"skip":true}]}},"code":["/*","example.js","","quickstart example","","instruction","    1. save this script as example.js","    2. run the shell command:","        $ npm install npmtest-tweetnacl && PORT=8081 node example.js","    3. play with the browser-demo on http://127.0.0.1:8081","*/","","","","/* istanbul instrument in package npmtest_tweetnacl */","/*jslint","    bitwise: true,","    browser: true,","    maxerr: 8,","    maxlen: 96,","    node: true,","    nomen: true,","    regexp: true,","    stupid: true","*/","(function () {","    'use strict';","    var local;","","","","    // run shared js-env code - init-before","    (function () {","        // init local","        local = {};","        // init modeJs","        local.modeJs = (function () {","            try {","                return typeof navigator.userAgent === 'string' &&","                    typeof document.querySelector('body') === 'object' &&","                    typeof XMLHttpRequest.prototype.open === 'function' &&","                    'browser';","            } catch (errorCaughtBrowser) {","                return module.exports &&","                    typeof process.versions.node === 'string' &&","                    typeof require('http').createServer === 'function' &&","                    'node';","            }","        }());","        // init global","        local.global = local.modeJs === 'browser'","            ? window","            : global;","        // init utility2_rollup","        local = local.global.utility2_rollup || (local.modeJs === 'browser'","            ? local.global.utility2_npmtest_tweetnacl","            : global.utility2_moduleExports);","        // export local","        local.global.local = local;","    }());","    switch (local.modeJs) {","","","","    // init-after","    // run browser js-env code - init-after","    /* istanbul ignore next */","    case 'browser':","        local.testRunBrowser = function (event) {","            if (!event || (event &&","                    event.currentTarget &&","                    event.currentTarget.className &&","                    event.currentTarget.className.includes &&","                    event.currentTarget.className.includes('onreset'))) {","                // reset output","                Array.from(","                    document.querySelectorAll('body > .resettable')","                ).forEach(function (element) {","                    switch (element.tagName) {","                    case 'INPUT':","                    case 'TEXTAREA':","                        element.value = '';","                        break;","                    default:","                        element.textContent = '';","                    }","                });","            }","            switch (event && event.currentTarget && event.currentTarget.id) {","            case 'testRunButton1':","                // show tests","                if (document.querySelector('#testReportDiv1').style.display === 'none') {","                    document.querySelector('#testReportDiv1').style.display = 'block';","                    document.querySelector('#testRunButton1').textContent =","                        'hide internal test';","                    local.modeTest = true;","                    local.testRunDefault(local);","                // hide tests","                } else {","                    document.querySelector('#testReportDiv1').style.display = 'none';","                    document.querySelector('#testRunButton1').textContent = 'run internal test';","                }","                break;","            // custom-case","            default:","                break;","            }","            if (document.querySelector('#inputTextareaEval1') && (!event || (event &&","                    event.currentTarget &&","                    event.currentTarget.className &&","                    event.currentTarget.className.includes &&","                    event.currentTarget.className.includes('oneval')))) {","                // try to eval input-code","                try {","                    /*jslint evil: true*/","                    eval(document.querySelector('#inputTextareaEval1').value);","                } catch (errorCaught) {","                    console.error(errorCaught);","                }","            }","        };","        // log stderr and stdout to #outputTextareaStdout1","        ['error', 'log'].forEach(function (key) {","            console[key + '_original'] = console[key];","            console[key] = function () {","                var element;","                console[key + '_original'].apply(console, arguments);","                element = document.querySelector('#outputTextareaStdout1');","                if (!element) {","                    return;","                }","                // append text to #outputTextareaStdout1","                element.value += Array.from(arguments).map(function (arg) {","                    return typeof arg === 'string'","                        ? arg","                        : JSON.stringify(arg, null, 4);","                }).join(' ') + '\\n';","                // scroll textarea to bottom","                element.scrollTop = element.scrollHeight;","            };","        });","        // init event-handling","        ['change', 'click', 'keyup'].forEach(function (event) {","            Array.from(document.querySelectorAll('.on' + event)).forEach(function (element) {","                element.addEventListener(event, local.testRunBrowser);","            });","        });","        // run tests","        local.testRunBrowser();","        break;","","","","    // run node js-env code - init-after","    /* istanbul ignore next */","    case 'node':","        // export local","        module.exports = local;","        // require modules","        local.fs = require('fs');","        local.http = require('http');","        local.url = require('url');","        // init assets","        local.assetsDict = local.assetsDict || {};","        /* jslint-ignore-begin */","        local.assetsDict['/assets.index.template.html'] = '\\","<!doctype html>\\n\\","<html lang=\"en\">\\n\\","<head>\\n\\","<meta charset=\"UTF-8\">\\n\\","<meta name=\"viewport\" content=\"width=device-width, initial-scale=1\">\\n\\","<title>{{env.npm_package_name}} (v{{env.npm_package_version}})</title>\\n\\","<style>\\n\\","/*csslint\\n\\","    box-sizing: false,\\n\\","    universal-selector: false\\n\\","*/\\n\\","* {\\n\\","    box-sizing: border-box;\\n\\","}\\n\\","body {\\n\\","    background: #dde;\\n\\","    font-family: Arial, Helvetica, sans-serif;\\n\\","    margin: 2rem;\\n\\","}\\n\\","body > * {\\n\\","    margin-bottom: 1rem;\\n\\","}\\n\\",".utility2FooterDiv {\\n\\","    margin-top: 20px;\\n\\","    text-align: center;\\n\\","}\\n\\","</style>\\n\\","<style>\\n\\","/*csslint\\n\\","*/\\n\\","textarea {\\n\\","    font-family: monospace;\\n\\","    height: 10rem;\\n\\","    width: 100%;\\n\\","}\\n\\","textarea[readonly] {\\n\\","    background: #ddd;\\n\\","}\\n\\","</style>\\n\\","</head>\\n\\","<body>\\n\\","<!-- utility2-comment\\n\\","<div id=\"ajaxProgressDiv1\" style=\"background: #d00; height: 2px; left: 0; margin: 0; padding: 0; position: fixed; top: 0; transition: background 0.5s, width 1.5s; width: 25%;\"></div>\\n\\","utility2-comment -->\\n\\","<h1>\\n\\","<!-- utility2-comment\\n\\","    <a\\n\\","        {{#if env.npm_package_homepage}}\\n\\","        href=\"{{env.npm_package_homepage}}\"\\n\\","        {{/if env.npm_package_homepage}}\\n\\","        target=\"_blank\"\\n\\","    >\\n\\","utility2-comment -->\\n\\","        {{env.npm_package_name}} (v{{env.npm_package_version}})\\n\\","<!-- utility2-comment\\n\\","    </a>\\n\\","utility2-comment -->\\n\\","</h1>\\n\\","<h3>{{env.npm_package_description}}</h3>\\n\\","<!-- utility2-comment\\n\\","<h4><a download href=\"assets.app.js\">download standalone app</a></h4>\\n\\","<button class=\"onclick onreset\" id=\"testRunButton1\">run internal test</button><br>\\n\\","<div id=\"testReportDiv1\" style=\"display: none;\"></div>\\n\\","utility2-comment -->\\n\\","\\n\\","\\n\\","\\n\\","<label>stderr and stdout</label>\\n\\","<textarea class=\"resettable\" id=\"outputTextareaStdout1\" readonly></textarea>\\n\\","<!-- utility2-comment\\n\\","{{#if isRollup}}\\n\\","<script src=\"assets.app.js\"></script>\\n\\","{{#unless isRollup}}\\n\\","utility2-comment -->\\n\\","<script src=\"assets.utility2.rollup.js\"></script>\\n\\","<script src=\"jsonp.utility2._stateInit?callback=window.utility2._stateInit\"></script>\\n\\","<script src=\"assets.npmtest_tweetnacl.rollup.js\"></script>\\n\\","<script src=\"assets.example.js\"></script>\\n\\","<script src=\"assets.test.js\"></script>\\n\\","<!-- utility2-comment\\n\\","{{/if isRollup}}\\n\\","utility2-comment -->\\n\\","<div class=\"utility2FooterDiv\">\\n\\","    [ this app was created with\\n\\","    <a href=\"https://github.com/kaizhu256/node-utility2\" target=\"_blank\">utility2</a>\\n\\","    ]\\n\\","</div>\\n\\","</body>\\n\\","</html>\\n\\","';","        /* jslint-ignore-end */","        if (local.templateRender) {","            local.assetsDict['/'] = local.templateRender(","                local.assetsDict['/assets.index.template.html'],","                {","                    env: local.objectSetDefault(local.env, {","                        npm_package_description: 'the greatest app in the world!',","                        npm_package_name: 'my-app',","                        npm_package_nameAlias: 'my_app',","                        npm_package_version: '0.0.1'","                    })","                }","            );","        } else {","            local.assetsDict['/'] = local.assetsDict['/assets.index.template.html']","                .replace((/\\{\\{env\\.(\\w+?)\\}\\}/g), function (match0, match1) {","                    // jslint-hack","                    String(match0);","                    switch (match1) {","                    case 'npm_package_description':","                        return 'the greatest app in the world!';","                    case 'npm_package_name':","                        return 'my-app';","                    case 'npm_package_nameAlias':","                        return 'my_app';","                    case 'npm_package_version':","                        return '0.0.1';","                    }","                });","        }","        // run the cli","        if (local.global.utility2_rollup || module !== require.main) {","            break;","        }","        local.assetsDict['/assets.example.js'] =","            local.assetsDict['/assets.example.js'] ||","            local.fs.readFileSync(__filename, 'utf8');","        // bug-workaround - long $npm_package_buildCustomOrg","        /* jslint-ignore-begin */","        local.assetsDict['/assets.npmtest_tweetnacl.rollup.js'] =","            local.assetsDict['/assets.npmtest_tweetnacl.rollup.js'] ||","            local.fs.readFileSync(","                local.npmtest_tweetnacl.__dirname + '/lib.npmtest_tweetnacl.js',","                'utf8'","            ).replace((/^#!/), '//');","        /* jslint-ignore-end */","        local.assetsDict['/favicon.ico'] = local.assetsDict['/favicon.ico'] || '';","        // if $npm_config_timeout_exit exists,","        // then exit this process after $npm_config_timeout_exit ms","        if (Number(process.env.npm_config_timeout_exit)) {","            setTimeout(process.exit, Number(process.env.npm_config_timeout_exit));","        }","        // start server","        if (local.global.utility2_serverHttp1) {","            break;","        }","        process.env.PORT = process.env.PORT || '8081';","        console.error('server starting on port ' + process.env.PORT);","        local.http.createServer(function (request, response) {","            request.urlParsed = local.url.parse(request.url);","            if (local.assetsDict[request.urlParsed.pathname] !== undefined) {","                response.end(local.assetsDict[request.urlParsed.pathname]);","                return;","            }","            response.statusCode = 404;","            response.end();","        }).listen(process.env.PORT);","        break;","    }","}());",""],"l":{"26":2,"28":2,"33":2,"35":2,"37":2,"38":2,"39":2,"44":1,"51":2,"55":2,"59":2,"61":2,"69":1,"70":2,"76":2,"79":2,"82":2,"83":2,"85":1,"89":2,"92":1,"93":1,"94":1,"96":1,"97":1,"100":1,"101":1,"103":1,"106":1,"108":2,"114":1,"116":1,"118":1,"123":1,"124":2,"125":2,"126":3,"127":3,"128":3,"129":3,"130":1,"133":3,"134":3,"139":3,"143":1,"144":3,"145":1,"149":1,"150":1,"158":1,"160":1,"161":1,"162":1,"164":1,"166":1,"258":1,"259":1,"271":1,"274":6,"275":6,"277":1,"279":2,"281":1,"283":2,"288":1,"289":1,"291":1,"296":1,"303":1,"306":1,"307":1,"310":1,"311":1,"313":1,"314":1,"315":1,"316":1,"317":1,"318":1,"319":1,"321":1,"322":1,"324":1}},"/home/travis/build/npmtest/node-npmtest-tweetnacl/node_modules/tweetnacl/nacl-fast.js":{"path":"/home/travis/build/npmtest/node-npmtest-tweetnacl/node_modules/tweetnacl/nacl-fast.js","s":{"1":1,"2":1,"3":8,"4":8,"5":7,"6":83,"7":8,"8":1,"9":0,"10":1,"11":1,"12":1,"13":1,"14":1,"15":0,"16":0,"17":0,"18":0,"19":0,"20":0,"21":0,"22":0,"23":1,"24":0,"25":0,"26":0,"27":0,"28":1,"29":0,"30":1,"31":0,"32":1,"33":0,"34":0,"35":0,"36":0,"37":0,"38":0,"39":0,"40":0,"41":0,"42":0,"43":0,"44":0,"45":0,"46":0,"47":0,"48":0,"49":0,"50":0,"51":0,"52":0,"53":0,"54":0,"55":0,"56":0,"57":0,"58":0,"59":0,"60":0,"61":0,"62":0,"63":0,"64":0,"65":0,"66":0,"67":0,"68":0,"69":0,"70":0,"71":0,"72":0,"73":0,"74":0,"75":0,"76":0,"77":0,"78":0,"79":0,"80":0,"81":0,"82":0,"83":0,"84":0,"85":0,"86":0,"87":0,"88":0,"89":0,"90":0,"91":0,"92":0,"93":0,"94":0,"95":0,"96":0,"97":0,"98":0,"99":0,"100":0,"101":0,"102":0,"103":0,"104":0,"105":0,"106":0,"107":0,"108":0,"109":0,"110":0,"111":0,"112":0,"113":0,"114":0,"115":0,"116":0,"117":0,"118":0,"119":0,"120":0,"121":0,"122":0,"123":0,"124":0,"125":0,"126":0,"127":0,"128":0,"129":0,"130":0,"131":0,"132":0,"133":0,"134":0,"135":0,"136":0,"137":0,"138":0,"139":0,"140":0,"141":0,"142":0,"143":0,"144":0,"145":0,"146":0,"147":0,"148":0,"149":0,"150":0,"151":0,"152":0,"153":0,"154":0,"155":0,"156":0,"157":0,"158":0,"159":0,"160":0,"161":0,"162":0,"163":0,"164":0,"165":0,"166":0,"167":0,"168":0,"169":0,"170":0,"171":0,"172":0,"173":0,"174":0,"175":0,"176":0,"177":0,"178":0,"179":0,"180":1,"181":0,"182":0,"183":0,"184":0,"185":0,"186":0,"187":0,"188":0,"189":0,"190":0,"191":0,"192":0,"193":0,"194":0,"195":0,"196":0,"197":0,"198":0,"199":0,"200":0,"201":0,"202":0,"203":0,"204":0,"205":0,"206":0,"207":0,"208":0,"209":0,"210":0,"211":0,"212":0,"213":0,"214":0,"215":0,"216":0,"217":0,"218":0,"219":0,"220":0,"221":0,"222":0,"223":0,"224":0,"225":0,"226":0,"227":0,"228":0,"229":0,"230":0,"231":0,"232":0,"233":0,"234":0,"235":0,"236":0,"237":0,"238":0,"239":0,"240":0,"241":0,"242":0,"243":0,"244":0,"245":0,"246":0,"247":0,"248":0,"249":0,"250":0,"251":0,"252":0,"253":0,"254":0,"255":0,"256":0,"257":0,"258":0,"259":0,"260":0,"261":0,"262":0,"263":0,"264":0,"265":0,"266":0,"267":0,"268":0,"269":0,"270":0,"271":0,"272":0,"273":0,"274":0,"275":0,"276":0,"277":0,"278":0,"279":0,"280":1,"281":0,"282":1,"283":0,"284":1,"285":1,"286":0,"287":0,"288":0,"289":0,"290":0,"291":0,"292":0,"293":0,"294":0,"295":0,"296":0,"297":0,"298":0,"299":0,"300":0,"301":0,"302":0,"303":0,"304":0,"305":0,"306":0,"307":0,"308":0,"309":1,"310":0,"311":0,"312":0,"313":0,"314":0,"315":0,"316":0,"317":0,"318":0,"319":0,"320":0,"321":0,"322":0,"323":0,"324":0,"325":0,"326":0,"327":0,"328":0,"329":0,"330":0,"331":0,"332":1,"333":0,"334":0,"335":0,"336":0,"337":0,"338":0,"339":1,"340":0,"341":0,"342":0,"343":0,"344":0,"345":0,"346":1,"347":0,"348":0,"349":0,"350":0,"351":0,"352":0,"353":0,"354":0,"355":0,"356":0,"357":0,"358":0,"359":0,"360":0,"361":0,"362":0,"363":0,"364":0,"365":0,"366":0,"367":0,"368":0,"369":0,"370":0,"371":0,"372":0,"373":0,"374":0,"375":0,"376":0,"377":0,"378":0,"379":0,"380":1,"381":0,"382":0,"383":0,"384":0,"385":0,"386":0,"387":0,"388":0,"389":0,"390":0,"391":0,"392":0,"393":0,"394":0,"395":0,"396":0,"397":0,"398":0,"399":0,"400":0,"401":0,"402":0,"403":0,"404":0,"405":0,"406":0,"407":0,"408":0,"409":0,"410":0,"411":0,"412":0,"413":0,"414":0,"415":0,"416":0,"417":0,"418":0,"419":0,"420":0,"421":0,"422":0,"423":0,"424":0,"425":0,"426":0,"427":0,"428":0,"429":0,"430":0,"431":0,"432":0,"433":0,"434":0,"435":0,"436":0,"437":0,"438":0,"439":0,"440":0,"441":0,"442":0,"443":0,"444":0,"445":0,"446":0,"447":0,"448":0,"449":0,"450":0,"451":0,"452":0,"453":0,"454":0,"455":0,"456":0,"457":0,"458":0,"459":0,"460":0,"461":0,"462":0,"463":0,"464":0,"465":0,"466":0,"467":0,"468":0,"469":0,"470":0,"471":0,"472":0,"473":0,"474":0,"475":0,"476":0,"477":0,"478":0,"479":0,"480":0,"481":0,"482":0,"483":0,"484":0,"485":0,"486":0,"487":0,"488":0,"489":0,"490":0,"491":0,"492":0,"493":0,"494":0,"495":0,"496":0,"497":0,"498":0,"499":0,"500":0,"501":0,"502":0,"503":0,"504":0,"505":0,"506":0,"507":0,"508":0,"509":0,"510":0,"511":0,"512":0,"513":0,"514":0,"515":0,"516":0,"517":0,"518":0,"519":0,"520":0,"521":0,"522":0,"523":0,"524":0,"525":0,"526":0,"527":0,"528":0,"529":0,"530":0,"531":0,"532":0,"533":0,"534":0,"535":0,"536":0,"537":0,"538":0,"539":0,"540":0,"541":0,"542":0,"543":0,"544":0,"545":0,"546":0,"547":0,"548":0,"549":0,"550":0,"551":0,"552":0,"553":0,"554":0,"555":0,"556":0,"557":0,"558":0,"559":0,"560":0,"561":0,"562":0,"563":0,"564":0,"565":0,"566":0,"567":0,"568":0,"569":0,"570":0,"571":0,"572":0,"573":0,"574":0,"575":0,"576":0,"577":0,"578":0,"579":0,"580":0,"581":0,"582":0,"583":1,"584":0,"585":0,"586":0,"587":0,"588":0,"589":0,"590":0,"591":0,"592":0,"593":0,"594":0,"595":0,"596":0,"597":0,"598":0,"599":0,"600":0,"601":0,"602":0,"603":0,"604":0,"605":0,"606":0,"607":0,"608":0,"609":0,"610":0,"611":0,"612":0,"613":0,"614":0,"615":0,"616":0,"617":0,"618":0,"619":0,"620":0,"621":0,"622":0,"623":0,"624":0,"625":0,"626":0,"627":0,"628":0,"629":0,"630":0,"631":0,"632":0,"633":0,"634":0,"635":0,"636":0,"637":0,"638":0,"639":0,"640":0,"641":0,"642":0,"643":0,"644":0,"645":0,"646":0,"647":0,"648":0,"649":1,"650":0,"651":0,"652":0,"653":0,"654":0,"655":0,"656":0,"657":0,"658":0,"659":0,"660":0,"661":0,"662":0,"663":0,"664":0,"665":0,"666":0,"667":0,"668":0,"669":0,"670":0,"671":0,"672":0,"673":1,"674":0,"675":0,"676":0,"677":0,"678":1,"679":0,"680":0,"681":0,"682":1,"683":0,"684":0,"685":0,"686":0,"687":0,"688":0,"689":0,"690":0,"691":1,"692":0,"693":0,"694":0,"695":0,"696":0,"697":0,"698":0,"699":0,"700":0,"701":0,"702":0,"703":1,"704":0,"705":0,"706":0,"707":1,"708":0,"709":0,"710":0,"711":0,"712":0,"713":0,"714":1,"715":0,"716":0,"717":0,"718":0,"719":0,"720":1,"721":0,"722":0,"723":0,"724":0,"725":0,"726":0,"727":0,"728":0,"729":0,"730":0,"731":0,"732":0,"733":0,"734":0,"735":0,"736":0,"737":0,"738":0,"739":0,"740":1,"741":0,"742":0,"743":0,"744":0,"745":1,"746":0,"747":0,"748":0,"749":1,"750":0,"751":0,"752":0,"753":0,"754":1,"755":0,"756":0,"757":1,"758":0,"759":0,"760":1,"761":0,"762":0,"763":0,"764":0,"765":0,"766":0,"767":0,"768":0,"769":0,"770":0,"771":0,"772":0,"773":0,"774":0,"775":0,"776":0,"777":0,"778":0,"779":0,"780":0,"781":0,"782":0,"783":0,"784":0,"785":0,"786":0,"787":0,"788":0,"789":0,"790":0,"791":0,"792":0,"793":0,"794":0,"795":0,"796":0,"797":0,"798":0,"799":0,"800":0,"801":0,"802":0,"803":0,"804":0,"805":0,"806":0,"807":0,"808":0,"809":0,"810":0,"811":0,"812":0,"813":0,"814":0,"815":0,"816":0,"817":0,"818":0,"819":0,"820":0,"821":0,"822":0,"823":0,"824":0,"825":0,"826":0,"827":0,"828":0,"829":0,"830":0,"831":0,"832":0,"833":0,"834":0,"835":0,"836":0,"837":0,"838":0,"839":0,"840":0,"841":0,"842":0,"843":0,"844":0,"845":0,"846":0,"847":0,"848":0,"849":0,"850":0,"851":0,"852":0,"853":0,"854":0,"855":0,"856":0,"857":0,"858":0,"859":0,"860":0,"861":0,"862":0,"863":0,"864":0,"865":0,"866":0,"867":0,"868":0,"869":0,"870":0,"871":0,"872":0,"873":0,"874":0,"875":0,"876":0,"877":0,"878":0,"879":0,"880":0,"881":0,"882":0,"883":0,"884":0,"885":0,"886":0,"887":0,"888":0,"889":0,"890":0,"891":0,"892":0,"893":0,"894":0,"895":0,"896":0,"897":0,"898":0,"899":0,"900":0,"901":0,"902":0,"903":0,"904":0,"905":0,"906":0,"907":0,"908":0,"909":0,"910":0,"911":0,"912":0,"913":0,"914":0,"915":0,"916":0,"917":0,"918":0,"919":0,"920":0,"921":0,"922":0,"923":0,"924":0,"925":0,"926":0,"927":0,"928":0,"929":0,"930":0,"931":0,"932":0,"933":0,"934":0,"935":0,"936":0,"937":0,"938":0,"939":0,"940":0,"941":0,"942":0,"943":0,"944":0,"945":0,"946":0,"947":0,"948":0,"949":0,"950":0,"951":0,"952":0,"953":0,"954":0,"955":0,"956":0,"957":0,"958":0,"959":0,"960":0,"961":0,"962":0,"963":0,"964":0,"965":0,"966":0,"967":0,"968":0,"969":0,"970":0,"971":0,"972":0,"973":0,"974":0,"975":0,"976":0,"977":0,"978":0,"979":0,"980":0,"981":0,"982":0,"983":0,"984":0,"985":0,"986":0,"987":0,"988":0,"989":0,"990":0,"991":0,"992":0,"993":0,"994":0,"995":0,"996":0,"997":0,"998":0,"999":0,"1000":0,"1001":0,"1002":0,"1003":0,"1004":0,"1005":0,"1006":0,"1007":0,"1008":0,"1009":0,"1010":0,"1011":0,"1012":0,"1013":0,"1014":0,"1015":0,"1016":0,"1017":0,"1018":0,"1019":0,"1020":0,"1021":0,"1022":0,"1023":0,"1024":0,"1025":0,"1026":0,"1027":0,"1028":0,"1029":0,"1030":0,"1031":0,"1032":0,"1033":0,"1034":0,"1035":0,"1036":0,"1037":0,"1038":0,"1039":0,"1040":0,"1041":0,"1042":0,"1043":0,"1044":0,"1045":0,"1046":0,"1047":0,"1048":0,"1049":0,"1050":0,"1051":0,"1052":0,"1053":0,"1054":0,"1055":0,"1056":0,"1057":0,"1058":0,"1059":0,"1060":0,"1061":0,"1062":0,"1063":0,"1064":0,"1065":0,"1066":0,"1067":0,"1068":0,"1069":0,"1070":0,"1071":0,"1072":0,"1073":0,"1074":0,"1075":0,"1076":0,"1077":0,"1078":0,"1079":0,"1080":0,"1081":0,"1082":0,"1083":0,"1084":0,"1085":0,"1086":0,"1087":0,"1088":0,"1089":0,"1090":0,"1091":0,"1092":0,"1093":0,"1094":0,"1095":0,"1096":0,"1097":0,"1098":0,"1099":0,"1100":0,"1101":0,"1102":0,"1103":0,"1104":0,"1105":0,"1106":0,"1107":0,"1108":0,"1109":0,"1110":0,"1111":0,"1112":0,"1113":0,"1114":0,"1115":0,"1116":0,"1117":0,"1118":0,"1119":0,"1120":0,"1121":0,"1122":0,"1123":0,"1124":0,"1125":0,"1126":0,"1127":0,"1128":0,"1129":0,"1130":0,"1131":0,"1132":0,"1133":0,"1134":0,"1135":0,"1136":0,"1137":0,"1138":0,"1139":0,"1140":0,"1141":0,"1142":0,"1143":0,"1144":0,"1145":0,"1146":0,"1147":0,"1148":0,"1149":0,"1150":0,"1151":0,"1152":0,"1153":0,"1154":0,"1155":0,"1156":0,"1157":0,"1158":0,"1159":0,"1160":0,"1161":0,"1162":0,"1163":0,"1164":0,"1165":1,"1166":0,"1167":1,"1168":0,"1169":0,"1170":0,"1171":0,"1172":0,"1173":0,"1174":0,"1175":0,"1176":0,"1177":0,"1178":1,"1179":0,"1180":0,"1181":0,"1182":0,"1183":0,"1184":0,"1185":0,"1186":0,"1187":0,"1188":0,"1189":1,"1190":0,"1191":0,"1192":0,"1193":0,"1194":0,"1195":0,"1196":0,"1197":0,"1198":0,"1199":0,"1200":0,"1201":0,"1202":0,"1203":0,"1204":0,"1205":0,"1206":0,"1207":0,"1208":0,"1209":0,"1210":0,"1211":0,"1212":0,"1213":0,"1214":0,"1215":0,"1216":0,"1217":0,"1218":0,"1219":0,"1220":0,"1221":0,"1222":0,"1223":0,"1224":0,"1225":0,"1226":0,"1227":0,"1228":0,"1229":0,"1230":0,"1231":0,"1232":0,"1233":0,"1234":0,"1235":0,"1236":0,"1237":1,"1238":0,"1239":1,"1240":0,"1241":0,"1242":1,"1243":0,"1244":0,"1245":0,"1246":1,"1247":1,"1248":1,"1249":0,"1250":0,"1251":0,"1252":1,"1253":0,"1254":0,"1255":0,"1256":1,"1257":1,"1258":0,"1259":0,"1260":0,"1261":0,"1262":0,"1263":0,"1264":0,"1265":0,"1266":0,"1267":0,"1268":0,"1269":0,"1270":0,"1271":0,"1272":0,"1273":0,"1274":0,"1275":0,"1276":0,"1277":0,"1278":0,"1279":0,"1280":0,"1281":0,"1282":0,"1283":0,"1284":0,"1285":0,"1286":0,"1287":0,"1288":0,"1289":0,"1290":0,"1291":0,"1292":0,"1293":0,"1294":0,"1295":0,"1296":0,"1297":0,"1298":0,"1299":0,"1300":0,"1301":0,"1302":0,"1303":0,"1304":0,"1305":0,"1306":0,"1307":0,"1308":0,"1309":0,"1310":0,"1311":0,"1312":0,"1313":0,"1314":0,"1315":0,"1316":0,"1317":0,"1318":0,"1319":0,"1320":0,"1321":0,"1322":0,"1323":0,"1324":0,"1325":0,"1326":0,"1327":0,"1328":0,"1329":0,"1330":0,"1331":0,"1332":0,"1333":0,"1334":0,"1335":0,"1336":0,"1337":0,"1338":0,"1339":0,"1340":0,"1341":0,"1342":0,"1343":0,"1344":0,"1345":0,"1346":0,"1347":0,"1348":0,"1349":0,"1350":0,"1351":0,"1352":0,"1353":0,"1354":0,"1355":0,"1356":0,"1357":0,"1358":0,"1359":0,"1360":0,"1361":0,"1362":0,"1363":0,"1364":0,"1365":0,"1366":0,"1367":0,"1368":0,"1369":0,"1370":0,"1371":0,"1372":0,"1373":0,"1374":0,"1375":0,"1376":0,"1377":0,"1378":0,"1379":0,"1380":0,"1381":0,"1382":0,"1383":0,"1384":0,"1385":0,"1386":0,"1387":0,"1388":0,"1389":0,"1390":0,"1391":0,"1392":0,"1393":0,"1394":0,"1395":0,"1396":0,"1397":0,"1398":0,"1399":0,"1400":0,"1401":0,"1402":0,"1403":0,"1404":0,"1405":0,"1406":0,"1407":0,"1408":0,"1409":0,"1410":0,"1411":0,"1412":0,"1413":0,"1414":0,"1415":0,"1416":0,"1417":0,"1418":0,"1419":0,"1420":0,"1421":0,"1422":0,"1423":0,"1424":0,"1425":0,"1426":0,"1427":0,"1428":0,"1429":0,"1430":0,"1431":0,"1432":0,"1433":0,"1434":0,"1435":0,"1436":0,"1437":0,"1438":0,"1439":0,"1440":0,"1441":0,"1442":0,"1443":0,"1444":0,"1445":0,"1446":0,"1447":0,"1448":0,"1449":0,"1450":0,"1451":0,"1452":0,"1453":0,"1454":0,"1455":0,"1456":0,"1457":0,"1458":0,"1459":0,"1460":0,"1461":0,"1462":0,"1463":0,"1464":0,"1465":0,"1466":0,"1467":0,"1468":0,"1469":0,"1470":0,"1471":0,"1472":0,"1473":0,"1474":0,"1475":0,"1476":0,"1477":0,"1478":0,"1479":0,"1480":0,"1481":0,"1482":0,"1483":0,"1484":0,"1485":0,"1486":0,"1487":0,"1488":0,"1489":0,"1490":0,"1491":0,"1492":0,"1493":0,"1494":0,"1495":0,"1496":0,"1497":0,"1498":0,"1499":0,"1500":0,"1501":0,"1502":0,"1503":0,"1504":0,"1505":0,"1506":0,"1507":0,"1508":0,"1509":0,"1510":0,"1511":0,"1512":0,"1513":0,"1514":0,"1515":0,"1516":0,"1517":0,"1518":0,"1519":0,"1520":0,"1521":0,"1522":0,"1523":0,"1524":0,"1525":0,"1526":0,"1527":0,"1528":0,"1529":0,"1530":0,"1531":0,"1532":0,"1533":0,"1534":0,"1535":0,"1536":0,"1537":0,"1538":0,"1539":0,"1540":0,"1541":0,"1542":0,"1543":0,"1544":0,"1545":0,"1546":0,"1547":0,"1548":1,"1549":0,"1550":0,"1551":0,"1552":0,"1553":0,"1554":0,"1555":0,"1556":0,"1557":0,"1558":0,"1559":0,"1560":0,"1561":0,"1562":0,"1563":0,"1564":0,"1565":0,"1566":0,"1567":0,"1568":0,"1569":0,"1570":0,"1571":0,"1572":0,"1573":0,"1574":0,"1575":0,"1576":0,"1577":0,"1578":1,"1579":0,"1580":0,"1581":0,"1582":0,"1583":0,"1584":0,"1585":0,"1586":0,"1587":0,"1588":0,"1589":0,"1590":0,"1591":0,"1592":0,"1593":0,"1594":0,"1595":0,"1596":0,"1597":0,"1598":1,"1599":0,"1600":0,"1601":0,"1602":1,"1603":0,"1604":0,"1605":0,"1606":0,"1607":0,"1608":0,"1609":1,"1610":0,"1611":0,"1612":0,"1613":0,"1614":0,"1615":0,"1616":0,"1617":0,"1618":0,"1619":0,"1620":0,"1621":1,"1622":0,"1623":0,"1624":0,"1625":0,"1626":0,"1627":0,"1628":1,"1629":0,"1630":0,"1631":0,"1632":0,"1633":0,"1634":0,"1635":0,"1636":0,"1637":0,"1638":0,"1639":0,"1640":0,"1641":0,"1642":0,"1643":1,"1644":1,"1645":0,"1646":0,"1647":0,"1648":0,"1649":0,"1650":0,"1651":0,"1652":0,"1653":0,"1654":0,"1655":0,"1656":0,"1657":0,"1658":0,"1659":0,"1660":0,"1661":0,"1662":0,"1663":0,"1664":1,"1665":0,"1666":0,"1667":0,"1668":0,"1669":0,"1670":0,"1671":1,"1672":0,"1673":0,"1674":0,"1675":0,"1676":0,"1677":0,"1678":0,"1679":0,"1680":0,"1681":0,"1682":0,"1683":0,"1684":0,"1685":0,"1686":0,"1687":0,"1688":0,"1689":0,"1690":0,"1691":0,"1692":0,"1693":0,"1694":0,"1695":0,"1696":0,"1697":0,"1698":0,"1699":0,"1700":0,"1701":1,"1702":0,"1703":0,"1704":0,"1705":0,"1706":0,"1707":0,"1708":0,"1709":0,"1710":0,"1711":0,"1712":0,"1713":0,"1714":0,"1715":0,"1716":0,"1717":0,"1718":0,"1719":0,"1720":0,"1721":0,"1722":0,"1723":0,"1724":0,"1725":0,"1726":0,"1727":0,"1728":0,"1729":0,"1730":0,"1731":1,"1732":0,"1733":0,"1734":0,"1735":0,"1736":0,"1737":0,"1738":0,"1739":0,"1740":0,"1741":0,"1742":0,"1743":0,"1744":0,"1745":0,"1746":0,"1747":0,"1748":0,"1749":0,"1750":0,"1751":0,"1752":0,"1753":0,"1754":0,"1755":0,"1756":0,"1757":0,"1758":0,"1759":1,"1760":1,"1761":1,"1762":0,"1763":0,"1764":0,"1765":0,"1766":1,"1767":0,"1768":0,"1769":0,"1770":0,"1771":1,"1772":0,"1773":0,"1774":0,"1775":0,"1776":1,"1777":0,"1778":0,"1779":1,"1780":1,"1781":1,"1782":0,"1783":1,"1784":0,"1785":0,"1786":0,"1787":1,"1788":0,"1789":0,"1790":0,"1791":0,"1792":0,"1793":0,"1794":0,"1795":0,"1796":1,"1797":0,"1798":0,"1799":0,"1800":0,"1801":0,"1802":0,"1803":0,"1804":0,"1805":0,"1806":0,"1807":0,"1808":1,"1809":1,"1810":1,"1811":1,"1812":0,"1813":0,"1814":0,"1815":0,"1816":0,"1817":0,"1818":0,"1819":0,"1820":1,"1821":0,"1822":0,"1823":0,"1824":0,"1825":0,"1826":0,"1827":1,"1828":1,"1829":1,"1830":0,"1831":0,"1832":1,"1833":0,"1834":0,"1835":0,"1836":0,"1837":0,"1838":1,"1839":1,"1840":0,"1841":0,"1842":1,"1843":1,"1844":0,"1845":0,"1846":0,"1847":0,"1848":1,"1849":0,"1850":0,"1851":0,"1852":0,"1853":0,"1854":0,"1855":1,"1856":1,"1857":1,"1858":1,"1859":1,"1860":1,"1861":0,"1862":0,"1863":0,"1864":0,"1865":0,"1866":0,"1867":1,"1868":0,"1869":0,"1870":0,"1871":0,"1872":0,"1873":0,"1874":0,"1875":0,"1876":0,"1877":0,"1878":0,"1879":0,"1880":0,"1881":1,"1882":0,"1883":0,"1884":0,"1885":0,"1886":0,"1887":1,"1888":0,"1889":0,"1890":0,"1891":0,"1892":0,"1893":0,"1894":0,"1895":0,"1896":0,"1897":0,"1898":0,"1899":0,"1900":0,"1901":1,"1902":0,"1903":0,"1904":0,"1905":0,"1906":1,"1907":0,"1908":0,"1909":0,"1910":0,"1911":0,"1912":0,"1913":0,"1914":1,"1915":0,"1916":0,"1917":0,"1918":0,"1919":0,"1920":0,"1921":0,"1922":0,"1923":0,"1924":1,"1925":1,"1926":1,"1927":1,"1928":1,"1929":0,"1930":0,"1931":0,"1932":0,"1933":1,"1934":1,"1935":0,"1936":0,"1937":0,"1938":0,"1939":0,"1940":0,"1941":1,"1942":1,"1943":1,"1944":1,"1945":1,"1946":0,"1947":0,"1948":0,"1949":0,"1950":0,"1951":0,"1952":0,"1953":0,"1954":1,"1955":1,"1956":1,"1957":1,"1958":0,"1959":0,"1960":0,"1961":0},"b":{"1":[7,1],"2":[0,0],"3":[0,0],"4":[0,0],"5":[0,0],"6":[0,0],"7":[0,0],"8":[0,0],"9":[0,0],"10":[0,0],"11":[0,0],"12":[0,0],"13":[0,0],"14":[0,0],"15":[0,0],"16":[0,0],"17":[0,0],"18":[0,0],"19":[0,0],"20":[0,0],"21":[0,0],"22":[0,0],"23":[0,0],"24":[0,0],"25":[0,0],"26":[0,0],"27":[0,0],"28":[0,0],"29":[0,0],"30":[0,0],"31":[1,0],"32":[0,0],"33":[0,0],"34":[0,0],"35":[0,0],"36":[0,0],"37":[0,0],"38":[0,0],"39":[0,0],"40":[0,0],"41":[0,0],"42":[0,0],"43":[0,0],"44":[0,0],"45":[0,0],"46":[0,0],"47":[0,0],"48":[0,0],"49":[0,0],"50":[0,1],"51":[0,0],"52":[0,1],"53":[1,0],"54":[1,0],"55":[1,0],"56":[1,1],"57":[1,0],"58":[1,1],"59":[0,0]},"f":{"1":1,"2":8,"3":0,"4":0,"5":0,"6":0,"7":0,"8":0,"9":0,"10":0,"11":0,"12":0,"13":0,"14":0,"15":0,"16":0,"17":0,"18":0,"19":0,"20":0,"21":0,"22":0,"23":0,"24":0,"25":0,"26":0,"27":0,"28":0,"29":0,"30":0,"31":0,"32":0,"33":0,"34":0,"35":0,"36":0,"37":0,"38":0,"39":0,"40":0,"41":0,"42":0,"43":0,"44":0,"45":0,"46":0,"47":0,"48":0,"49":0,"50":0,"51":0,"52":0,"53":0,"54":0,"55":0,"56":0,"57":0,"58":0,"59":0,"60":0,"61":0,"62":0,"63":0,"64":0,"65":0,"66":0,"67":0,"68":0,"69":0,"70":0,"71":0,"72":0,"73":0,"74":0,"75":0,"76":0,"77":0,"78":0,"79":0,"80":1,"81":1,"82":0,"83":0},"fnMap":{"1":{"name":"(anonymous_1)","line":1,"loc":{"start":{"line":1,"column":1},"end":{"line":1,"column":16}}},"2":{"name":"(anonymous_2)","line":10,"loc":{"start":{"line":10,"column":9},"end":{"line":10,"column":24}}},"3":{"name":"(anonymous_3)","line":17,"loc":{"start":{"line":17,"column":18},"end":{"line":17,"column":39}}},"4":{"name":"ts64","line":31,"loc":{"start":{"line":31,"column":0},"end":{"line":31,"column":26}}},"5":{"name":"vn","line":42,"loc":{"start":{"line":42,"column":0},"end":{"line":42,"column":29}}},"6":{"name":"crypto_verify_16","line":48,"loc":{"start":{"line":48,"column":0},"end":{"line":48,"column":40}}},"7":{"name":"crypto_verify_32","line":52,"loc":{"start":{"line":52,"column":0},"end":{"line":52,"column":40}}},"8":{"name":"core_salsa20","line":56,"loc":{"start":{"line":56,"column":0},"end":{"line":56,"column":34}}},"9":{"name":"core_hsalsa20","line":249,"loc":{"start":{"line":249,"column":0},"end":{"line":249,"column":32}}},"10":{"name":"crypto_core_salsa20","line":386,"loc":{"start":{"line":386,"column":0},"end":{"line":386,"column":42}}},"11":{"name":"crypto_core_hsalsa20","line":390,"loc":{"start":{"line":390,"column":0},"end":{"line":390,"column":43}}},"12":{"name":"crypto_stream_salsa20_xor","line":397,"loc":{"start":{"line":397,"column":0},"end":{"line":397,"column":56}}},"13":{"name":"crypto_stream_salsa20","line":422,"loc":{"start":{"line":422,"column":0},"end":{"line":422,"column":45}}},"14":{"name":"crypto_stream","line":446,"loc":{"start":{"line":446,"column":0},"end":{"line":446,"column":37}}},"15":{"name":"crypto_stream_xor","line":454,"loc":{"start":{"line":454,"column":0},"end":{"line":454,"column":48}}},"16":{"name":"(anonymous_16)","line":467,"loc":{"start":{"line":467,"column":15},"end":{"line":467,"column":29}}},"17":{"name":"(anonymous_17)","line":498,"loc":{"start":{"line":498,"column":28},"end":{"line":498,"column":53}}},"18":{"name":"(anonymous_18)","line":711,"loc":{"start":{"line":711,"column":28},"end":{"line":711,"column":50}}},"19":{"name":"(anonymous_19)","line":787,"loc":{"start":{"line":787,"column":28},"end":{"line":787,"column":53}}},"20":{"name":"crypto_onetimeauth","line":819,"loc":{"start":{"line":819,"column":0},"end":{"line":819,"column":56}}},"21":{"name":"crypto_onetimeauth_verify","line":826,"loc":{"start":{"line":826,"column":0},"end":{"line":826,"column":59}}},"22":{"name":"crypto_secretbox","line":832,"loc":{"start":{"line":832,"column":0},"end":{"line":832,"column":37}}},"23":{"name":"crypto_secretbox_open","line":841,"loc":{"start":{"line":841,"column":0},"end":{"line":841,"column":42}}},"24":{"name":"set25519","line":852,"loc":{"start":{"line":852,"column":0},"end":{"line":852,"column":24}}},"25":{"name":"car25519","line":857,"loc":{"start":{"line":857,"column":0},"end":{"line":857,"column":21}}},"26":{"name":"sel25519","line":867,"loc":{"start":{"line":867,"column":0},"end":{"line":867,"column":27}}},"27":{"name":"pack25519","line":876,"loc":{"start":{"line":876,"column":0},"end":{"line":876,"column":25}}},"28":{"name":"neq25519","line":900,"loc":{"start":{"line":900,"column":0},"end":{"line":900,"column":24}}},"29":{"name":"par25519","line":907,"loc":{"start":{"line":907,"column":0},"end":{"line":907,"column":21}}},"30":{"name":"unpack25519","line":913,"loc":{"start":{"line":913,"column":0},"end":{"line":913,"column":27}}},"31":{"name":"A","line":919,"loc":{"start":{"line":919,"column":0},"end":{"line":919,"column":20}}},"32":{"name":"Z","line":923,"loc":{"start":{"line":923,"column":0},"end":{"line":923,"column":20}}},"33":{"name":"M","line":927,"loc":{"start":{"line":927,"column":0},"end":{"line":927,"column":20}}},"34":{"name":"S","line":1298,"loc":{"start":{"line":1298,"column":0},"end":{"line":1298,"column":17}}},"35":{"name":"inv25519","line":1302,"loc":{"start":{"line":1302,"column":0},"end":{"line":1302,"column":24}}},"36":{"name":"pow2523","line":1313,"loc":{"start":{"line":1313,"column":0},"end":{"line":1313,"column":23}}},"37":{"name":"crypto_scalarmult","line":1324,"loc":{"start":{"line":1324,"column":0},"end":{"line":1324,"column":36}}},"38":{"name":"crypto_scalarmult_base","line":1377,"loc":{"start":{"line":1377,"column":0},"end":{"line":1377,"column":38}}},"39":{"name":"crypto_box_keypair","line":1381,"loc":{"start":{"line":1381,"column":0},"end":{"line":1381,"column":34}}},"40":{"name":"crypto_box_beforenm","line":1386,"loc":{"start":{"line":1386,"column":0},"end":{"line":1386,"column":38}}},"41":{"name":"crypto_box","line":1395,"loc":{"start":{"line":1395,"column":0},"end":{"line":1395,"column":38}}},"42":{"name":"crypto_box_open","line":1401,"loc":{"start":{"line":1401,"column":0},"end":{"line":1401,"column":43}}},"43":{"name":"crypto_hashblocks_hl","line":1450,"loc":{"start":{"line":1450,"column":0},"end":{"line":1450,"column":44}}},"44":{"name":"crypto_hash","line":1811,"loc":{"start":{"line":1811,"column":0},"end":{"line":1811,"column":32}}},"45":{"name":"add","line":1851,"loc":{"start":{"line":1851,"column":0},"end":{"line":1851,"column":19}}},"46":{"name":"cswap","line":1877,"loc":{"start":{"line":1877,"column":0},"end":{"line":1877,"column":24}}},"47":{"name":"pack","line":1884,"loc":{"start":{"line":1884,"column":0},"end":{"line":1884,"column":20}}},"48":{"name":"scalarmult","line":1893,"loc":{"start":{"line":1893,"column":0},"end":{"line":1893,"column":29}}},"49":{"name":"scalarbase","line":1908,"loc":{"start":{"line":1908,"column":0},"end":{"line":1908,"column":26}}},"50":{"name":"crypto_sign_keypair","line":1917,"loc":{"start":{"line":1917,"column":0},"end":{"line":1917,"column":45}}},"51":{"name":"modL","line":1937,"loc":{"start":{"line":1937,"column":0},"end":{"line":1937,"column":20}}},"52":{"name":"reduce","line":1962,"loc":{"start":{"line":1962,"column":0},"end":{"line":1962,"column":19}}},"53":{"name":"crypto_sign","line":1970,"loc":{"start":{"line":1970,"column":0},"end":{"line":1970,"column":35}}},"54":{"name":"unpackneg","line":2005,"loc":{"start":{"line":2005,"column":0},"end":{"line":2005,"column":25}}},"55":{"name":"crypto_sign_open","line":2043,"loc":{"start":{"line":2043,"column":0},"end":{"line":2043,"column":40}}},"56":{"name":"checkLengths","line":2138,"loc":{"start":{"line":2138,"column":0},"end":{"line":2138,"column":28}}},"57":{"name":"checkBoxLengths","line":2143,"loc":{"start":{"line":2143,"column":0},"end":{"line":2143,"column":33}}},"58":{"name":"checkArrayTypes","line":2148,"loc":{"start":{"line":2148,"column":0},"end":{"line":2148,"column":27}}},"59":{"name":"cleanup","line":2156,"loc":{"start":{"line":2156,"column":0},"end":{"line":2156,"column":22}}},"60":{"name":"(anonymous_60)","line":2163,"loc":{"start":{"line":2163,"column":98},"end":{"line":2163,"column":109}}},"61":{"name":"(anonymous_61)","line":2168,"loc":{"start":{"line":2168,"column":19},"end":{"line":2168,"column":31}}},"62":{"name":"(anonymous_62)","line":2174,"loc":{"start":{"line":2174,"column":17},"end":{"line":2174,"column":43}}},"63":{"name":"(anonymous_63)","line":2184,"loc":{"start":{"line":2184,"column":22},"end":{"line":2184,"column":48}}},"64":{"name":"(anonymous_64)","line":2199,"loc":{"start":{"line":2199,"column":18},"end":{"line":2199,"column":33}}},"65":{"name":"(anonymous_65)","line":2208,"loc":{"start":{"line":2208,"column":23},"end":{"line":2208,"column":35}}},"66":{"name":"(anonymous_66)","line":2219,"loc":{"start":{"line":2219,"column":11},"end":{"line":2219,"column":54}}},"67":{"name":"(anonymous_67)","line":2224,"loc":{"start":{"line":2224,"column":18},"end":{"line":2224,"column":49}}},"68":{"name":"(anonymous_68)","line":2234,"loc":{"start":{"line":2234,"column":16},"end":{"line":2234,"column":59}}},"69":{"name":"(anonymous_69)","line":2241,"loc":{"start":{"line":2241,"column":19},"end":{"line":2241,"column":30}}},"70":{"name":"(anonymous_70)","line":2248,"loc":{"start":{"line":2248,"column":33},"end":{"line":2248,"column":53}}},"71":{"name":"(anonymous_71)","line":2263,"loc":{"start":{"line":2263,"column":12},"end":{"line":2263,"column":37}}},"72":{"name":"(anonymous_72)","line":2272,"loc":{"start":{"line":2272,"column":17},"end":{"line":2272,"column":48}}},"73":{"name":"(anonymous_73)","line":2286,"loc":{"start":{"line":2286,"column":21},"end":{"line":2286,"column":46}}},"74":{"name":"(anonymous_74)","line":2293,"loc":{"start":{"line":2293,"column":28},"end":{"line":2293,"column":58}}},"75":{"name":"(anonymous_75)","line":2307,"loc":{"start":{"line":2307,"column":20},"end":{"line":2307,"column":31}}},"76":{"name":"(anonymous_76)","line":2314,"loc":{"start":{"line":2314,"column":34},"end":{"line":2314,"column":54}}},"77":{"name":"(anonymous_77)","line":2323,"loc":{"start":{"line":2323,"column":29},"end":{"line":2323,"column":44}}},"78":{"name":"(anonymous_78)","line":2339,"loc":{"start":{"line":2339,"column":12},"end":{"line":2339,"column":26}}},"79":{"name":"(anonymous_79)","line":2348,"loc":{"start":{"line":2348,"column":14},"end":{"line":2348,"column":29}}},"80":{"name":"(anonymous_80)","line":2356,"loc":{"start":{"line":2356,"column":15},"end":{"line":2356,"column":28}}},"81":{"name":"(anonymous_81)","line":2360,"loc":{"start":{"line":2360,"column":1},"end":{"line":2360,"column":12}}},"82":{"name":"(anonymous_82)","line":2367,"loc":{"start":{"line":2367,"column":17},"end":{"line":2367,"column":32}}},"83":{"name":"(anonymous_83)","line":2379,"loc":{"start":{"line":2379,"column":19},"end":{"line":2379,"column":34}}}},"statementMap":{"1":{"start":{"line":1,"column":0},"end":{"line":2388,"column":101}},"2":{"start":{"line":10,"column":0},"end":{"line":14,"column":2}},"3":{"start":{"line":11,"column":2},"end":{"line":11,"column":34}},"4":{"start":{"line":12,"column":2},"end":{"line":12,"column":61}},"5":{"start":{"line":12,"column":12},"end":{"line":12,"column":61}},"6":{"start":{"line":12,"column":46},"end":{"line":12,"column":61}},"7":{"start":{"line":13,"column":2},"end":{"line":13,"column":11}},"8":{"start":{"line":17,"column":0},"end":{"line":17,"column":71}},"9":{"start":{"line":17,"column":41},"end":{"line":17,"column":68}},"10":{"start":{"line":19,"column":0},"end":{"line":19,"column":28}},"11":{"start":{"line":20,"column":0},"end":{"line":20,"column":28}},"12":{"start":{"line":20,"column":29},"end":{"line":20,"column":39}},"13":{"start":{"line":22,"column":0},"end":{"line":29,"column":141}},"14":{"start":{"line":31,"column":0},"end":{"line":40,"column":1}},"15":{"start":{"line":32,"column":2},"end":{"line":32,"column":28}},"16":{"start":{"line":33,"column":2},"end":{"line":33,"column":28}},"17":{"start":{"line":34,"column":2},"end":{"line":34,"column":28}},"18":{"start":{"line":35,"column":2},"end":{"line":35,"column":20}},"19":{"start":{"line":36,"column":2},"end":{"line":36,"column":29}},"20":{"start":{"line":37,"column":2},"end":{"line":37,"column":29}},"21":{"start":{"line":38,"column":2},"end":{"line":38,"column":29}},"22":{"start":{"line":39,"column":2},"end":{"line":39,"column":20}},"23":{"start":{"line":42,"column":0},"end":{"line":46,"column":1}},"24":{"start":{"line":43,"column":2},"end":{"line":43,"column":14}},"25":{"start":{"line":44,"column":2},"end":{"line":44,"column":47}},"26":{"start":{"line":44,"column":26},"end":{"line":44,"column":47}},"27":{"start":{"line":45,"column":2},"end":{"line":45,"column":35}},"28":{"start":{"line":48,"column":0},"end":{"line":50,"column":1}},"29":{"start":{"line":49,"column":2},"end":{"line":49,"column":26}},"30":{"start":{"line":52,"column":0},"end":{"line":54,"column":1}},"31":{"start":{"line":53,"column":2},"end":{"line":53,"column":26}},"32":{"start":{"line":56,"column":0},"end":{"line":247,"column":1}},"33":{"start":{"line":57,"column":2},"end":{"line":72,"column":87}},"34":{"start":{"line":74,"column":2},"end":{"line":76,"column":19}},"35":{"start":{"line":78,"column":2},"end":{"line":150,"column":3}},"36":{"start":{"line":79,"column":4},"end":{"line":79,"column":21}},"37":{"start":{"line":80,"column":4},"end":{"line":80,"column":28}},"38":{"start":{"line":81,"column":4},"end":{"line":8
[...]
","  crypto_hash(d, sk, 32);","  d[0] &= 248;","  d[31] &= 127;","  d[31] |= 64;","","  var smlen = n + 64;","  for (i = 0; i < n; i++) sm[64 + i] = m[i];","  for (i = 0; i < 32; i++) sm[32 + i] = d[32 + i];","","  crypto_hash(r, sm.subarray(32), n+32);","  reduce(r);","  scalarbase(p, r);","  pack(sm, p);","","  for (i = 32; i < 64; i++) sm[i] = sk[i];","  crypto_hash(h, sm, n + 64);","  reduce(h);","","  for (i = 0; i < 64; i++) x[i] = 0;","  for (i = 0; i < 32; i++) x[i] = r[i];","  for (i = 0; i < 32; i++) {","    for (j = 0; j < 32; j++) {","      x[i+j] += h[i] * d[j];","    }","  }","","  modL(sm.subarray(32), x);","  return smlen;","}","","function unpackneg(r, p) {","  var t = gf(), chk = gf(), num = gf(),","      den = gf(), den2 = gf(), den4 = gf(),","      den6 = gf();","","  set25519(r[2], gf1);","  unpack25519(r[1], p);","  S(num, r[1]);","  M(den, num, D);","  Z(num, num, r[2]);","  A(den, r[2], den);","","  S(den2, den);","  S(den4, den2);","  M(den6, den4, den2);","  M(t, den6, num);","  M(t, t, den);","","  pow2523(t, t);","  M(t, t, num);","  M(t, t, den);","  M(t, t, den);","  M(r[0], t, den);","","  S(chk, r[0]);","  M(chk, chk, den);","  if (neq25519(chk, num)) M(r[0], r[0], I);","","  S(chk, r[0]);","  M(chk, chk, den);","  if (neq25519(chk, num)) return -1;","","  if (par25519(r[0]) === (p[31]>>7)) Z(r[0], gf0, r[0]);","","  M(r[3], r[0], r[1]);","  return 0;","}","","function crypto_sign_open(m, sm, n, pk) {","  var i, mlen;","  var t = new Uint8Array(32), h = new Uint8Array(64);","  var p = [gf(), gf(), gf(), gf()],","      q = [gf(), gf(), gf(), gf()];","","  mlen = -1;","  if (n < 64) return -1;","","  if (unpackneg(q, pk)) return -1;","","  for (i = 0; i < n; i++) m[i] = sm[i];","  for (i = 0; i < 32; i++) m[i+32] = pk[i];","  crypto_hash(h, m, n);","  reduce(h);","  scalarmult(p, q, h);","","  scalarbase(q, sm.subarray(32));","  add(p, q);","  pack(t, p);","","  n -= 64;","  if (crypto_verify_32(sm, 0, t, 0)) {","    for (i = 0; i < n; i++) m[i] = 0;","    return -1;","  }","","  for (i = 0; i < n; i++) m[i] = sm[i + 64];","  mlen = n;","  return mlen;","}","","var crypto_secretbox_KEYBYTES = 32,","    crypto_secretbox_NONCEBYTES = 24,","    crypto_secretbox_ZEROBYTES = 32,","    crypto_secretbox_BOXZEROBYTES = 16,","    crypto_scalarmult_BYTES = 32,","    crypto_scalarmult_SCALARBYTES = 32,","    crypto_box_PUBLICKEYBYTES = 32,","    crypto_box_SECRETKEYBYTES = 32,","    crypto_box_BEFORENMBYTES = 32,","    crypto_box_NONCEBYTES = crypto_secretbox_NONCEBYTES,","    crypto_box_ZEROBYTES = crypto_secretbox_ZEROBYTES,","    crypto_box_BOXZEROBYTES = crypto_secretbox_BOXZEROBYTES,","    crypto_sign_BYTES = 64,","    crypto_sign_PUBLICKEYBYTES = 32,","    crypto_sign_SECRETKEYBYTES = 64,","    crypto_sign_SEEDBYTES = 32,","    crypto_hash_BYTES = 64;","","nacl.lowlevel = {","  crypto_core_hsalsa20: crypto_core_hsalsa20,","  crypto_stream_xor: crypto_stream_xor,","  crypto_stream: crypto_stream,","  crypto_stream_salsa20_xor: crypto_stream_salsa20_xor,","  crypto_stream_salsa20: crypto_stream_salsa20,","  crypto_onetimeauth: crypto_onetimeauth,","  crypto_onetimeauth_verify: crypto_onetimeauth_verify,","  crypto_verify_16: crypto_verify_16,","  crypto_verify_32: crypto_verify_32,","  crypto_secretbox: crypto_secretbox,","  crypto_secretbox_open: crypto_secretbox_open,","  crypto_scalarmult: crypto_scalarmult,","  crypto_scalarmult_base: crypto_scalarmult_base,","  crypto_box_beforenm: crypto_box_beforenm,","  crypto_box_afternm: crypto_box_afternm,","  crypto_box: crypto_box,","  crypto_box_open: crypto_box_open,","  crypto_box_keypair: crypto_box_keypair,","  crypto_hash: crypto_hash,","  crypto_sign: crypto_sign,","  crypto_sign_keypair: crypto_sign_keypair,","  crypto_sign_open: crypto_sign_open,","","  crypto_secretbox_KEYBYTES: crypto_secretbox_KEYBYTES,","  crypto_secretbox_NONCEBYTES: crypto_secretbox_NONCEBYTES,","  crypto_secretbox_ZEROBYTES: crypto_secretbox_ZEROBYTES,","  crypto_secretbox_BOXZEROBYTES: crypto_secretbox_BOXZEROBYTES,","  crypto_scalarmult_BYTES: crypto_scalarmult_BYTES,","  crypto_scalarmult_SCALARBYTES: crypto_scalarmult_SCALARBYTES,","  crypto_box_PUBLICKEYBYTES: crypto_box_PUBLICKEYBYTES,","  crypto_box_SECRETKEYBYTES: crypto_box_SECRETKEYBYTES,","  crypto_box_BEFORENMBYTES: crypto_box_BEFORENMBYTES,","  crypto_box_NONCEBYTES: crypto_box_NONCEBYTES,","  crypto_box_ZEROBYTES: crypto_box_ZEROBYTES,","  crypto_box_BOXZEROBYTES: crypto_box_BOXZEROBYTES,","  crypto_sign_BYTES: crypto_sign_BYTES,","  crypto_sign_PUBLICKEYBYTES: crypto_sign_PUBLICKEYBYTES,","  crypto_sign_SECRETKEYBYTES: crypto_sign_SECRETKEYBYTES,","  crypto_sign_SEEDBYTES: crypto_sign_SEEDBYTES,","  crypto_hash_BYTES: crypto_hash_BYTES","};","","/* High-level API */","","function checkLengths(k, n) {","  if (k.length !== crypto_secretbox_KEYBYTES) throw new Error('bad key size');","  if (n.length !== crypto_secretbox_NONCEBYTES) throw new Error('bad nonce size');","}","","function checkBoxLengths(pk, sk) {","  if (pk.length !== crypto_box_PUBLICKEYBYTES) throw new Error('bad public key size');","  if (sk.length !== crypto_box_SECRETKEYBYTES) throw new Error('bad secret key size');","}","","function checkArrayTypes() {","  var t, i;","  for (i = 0; i < arguments.length; i++) {","     if ((t = Object.prototype.toString.call(arguments[i])) !== '[object Uint8Array]')","       throw new TypeError('unexpected type ' + t + ', use Uint8Array');","  }","}","","function cleanup(arr) {","  for (var i = 0; i < arr.length; i++) arr[i] = 0;","}","","// TODO: Completely remove this in v0.15.","if (!nacl.util) {","  nacl.util = {};","  nacl.util.decodeUTF8 = nacl.util.encodeUTF8 = nacl.util.encodeBase64 = nacl.util.decodeBase64 = function() {","    throw new Error('nacl.util moved into separate package: https://github.com/dchest/tweetnacl-util-js');","  };","}","","nacl.randomBytes = function(n) {","  var b = new Uint8Array(n);","  randombytes(b, n);","  return b;","};","","nacl.secretbox = function(msg, nonce, key) {","  checkArrayTypes(msg, nonce, key);","  checkLengths(key, nonce);","  var m = new Uint8Array(crypto_secretbox_ZEROBYTES + msg.length);","  var c = new Uint8Array(m.length);","  for (var i = 0; i < msg.length; i++) m[i+crypto_secretbox_ZEROBYTES] = msg[i];","  crypto_secretbox(c, m, m.length, nonce, key);","  return c.subarray(crypto_secretbox_BOXZEROBYTES);","};","","nacl.secretbox.open = function(box, nonce, key) {","  checkArrayTypes(box, nonce, key);","  checkLengths(key, nonce);","  var c = new Uint8Array(crypto_secretbox_BOXZEROBYTES + box.length);","  var m = new Uint8Array(c.length);","  for (var i = 0; i < box.length; i++) c[i+crypto_secretbox_BOXZEROBYTES] = box[i];","  if (c.length < 32) return false;","  if (crypto_secretbox_open(m, c, c.length, nonce, key) !== 0) return false;","  return m.subarray(crypto_secretbox_ZEROBYTES);","};","","nacl.secretbox.keyLength = crypto_secretbox_KEYBYTES;","nacl.secretbox.nonceLength = crypto_secretbox_NONCEBYTES;","nacl.secretbox.overheadLength = crypto_secretbox_BOXZEROBYTES;","","nacl.scalarMult = function(n, p) {","  checkArrayTypes(n, p);","  if (n.length !== crypto_scalarmult_SCALARBYTES) throw new Error('bad n size');","  if (p.length !== crypto_scalarmult_BYTES) throw new Error('bad p size');","  var q = new Uint8Array(crypto_scalarmult_BYTES);","  crypto_scalarmult(q, n, p);","  return q;","};","","nacl.scalarMult.base = function(n) {","  checkArrayTypes(n);","  if (n.length !== crypto_scalarmult_SCALARBYTES) throw new Error('bad n size');","  var q = new Uint8Array(crypto_scalarmult_BYTES);","  crypto_scalarmult_base(q, n);","  return q;","};","","nacl.scalarMult.scalarLength = crypto_scalarmult_SCALARBYTES;","nacl.scalarMult.groupElementLength = crypto_scalarmult_BYTES;","","nacl.box = function(msg, nonce, publicKey, secretKey) {","  var k = nacl.box.before(publicKey, secretKey);","  return nacl.secretbox(msg, nonce, k);","};","","nacl.box.before = function(publicKey, secretKey) {","  checkArrayTypes(publicKey, secretKey);","  checkBoxLengths(publicKey, secretKey);","  var k = new Uint8Array(crypto_box_BEFORENMBYTES);","  crypto_box_beforenm(k, publicKey, secretKey);","  return k;","};","","nacl.box.after = nacl.secretbox;","","nacl.box.open = function(msg, nonce, publicKey, secretKey) {","  var k = nacl.box.before(publicKey, secretKey);","  return nacl.secretbox.open(msg, nonce, k);","};","","nacl.box.open.after = nacl.secretbox.open;","","nacl.box.keyPair = function() {","  var pk = new Uint8Array(crypto_box_PUBLICKEYBYTES);","  var sk = new Uint8Array(crypto_box_SECRETKEYBYTES);","  crypto_box_keypair(pk, sk);","  return {publicKey: pk, secretKey: sk};","};","","nacl.box.keyPair.fromSecretKey = function(secretKey) {","  checkArrayTypes(secretKey);","  if (secretKey.length !== crypto_box_SECRETKEYBYTES)","    throw new Error('bad secret key size');","  var pk = new Uint8Array(crypto_box_PUBLICKEYBYTES);","  crypto_scalarmult_base(pk, secretKey);","  return {publicKey: pk, secretKey: new Uint8Array(secretKey)};","};","","nacl.box.publicKeyLength = crypto_box_PUBLICKEYBYTES;","nacl.box.secretKeyLength = crypto_box_SECRETKEYBYTES;","nacl.box.sharedKeyLength = crypto_box_BEFORENMBYTES;","nacl.box.nonceLength = crypto_box_NONCEBYTES;","nacl.box.overheadLength = nacl.secretbox.overheadLength;","","nacl.sign = function(msg, secretKey) {","  checkArrayTypes(msg, secretKey);","  if (secretKey.length !== crypto_sign_SECRETKEYBYTES)","    throw new Error('bad secret key size');","  var signedMsg = new Uint8Array(crypto_sign_BYTES+msg.length);","  crypto_sign(signedMsg, msg, msg.length, secretKey);","  return signedMsg;","};","","nacl.sign.open = function(signedMsg, publicKey) {","  if (arguments.length !== 2)","    throw new Error('nacl.sign.open accepts 2 arguments; did you mean to use nacl.sign.detached.verify?');","  checkArrayTypes(signedMsg, publicKey);","  if (publicKey.length !== crypto_sign_PUBLICKEYBYTES)","    throw new Error('bad public key size');","  var tmp = new Uint8Array(signedMsg.length);","  var mlen = crypto_sign_open(tmp, signedMsg, signedMsg.length, publicKey);","  if (mlen < 0) return null;","  var m = new Uint8Array(mlen);","  for (var i = 0; i < m.length; i++) m[i] = tmp[i];","  return m;","};","","nacl.sign.detached = function(msg, secretKey) {","  var signedMsg = nacl.sign(msg, secretKey);","  var sig = new Uint8Array(crypto_sign_BYTES);","  for (var i = 0; i < sig.length; i++) sig[i] = signedMsg[i];","  return sig;","};","","nacl.sign.detached.verify = function(msg, sig, publicKey) {","  checkArrayTypes(msg, sig, publicKey);","  if (sig.length !== crypto_sign_BYTES)","    throw new Error('bad signature size');","  if (publicKey.length !== crypto_sign_PUBLICKEYBYTES)","    throw new Error('bad public key size');","  var sm = new Uint8Array(crypto_sign_BYTES + msg.length);","  var m = new Uint8Array(crypto_sign_BYTES + msg.length);","  var i;","  for (i = 0; i < crypto_sign_BYTES; i++) sm[i] = sig[i];","  for (i = 0; i < msg.length; i++) sm[i+crypto_sign_BYTES] = msg[i];","  return (crypto_sign_open(m, sm, sm.length, publicKey) >= 0);","};","","nacl.sign.keyPair = function() {","  var pk = new Uint8Array(crypto_sign_PUBLICKEYBYTES);","  var sk = new Uint8Array(crypto_sign_SECRETKEYBYTES);","  crypto_sign_keypair(pk, sk);","  return {publicKey: pk, secretKey: sk};","};","","nacl.sign.keyPair.fromSecretKey = function(secretKey) {","  checkArrayTypes(secretKey);","  if (secretKey.length !== crypto_sign_SECRETKEYBYTES)","    throw new Error('bad secret key size');","  var pk = new Uint8Array(crypto_sign_PUBLICKEYBYTES);","  for (var i = 0; i < pk.length; i++) pk[i] = secretKey[32+i];","  return {publicKey: pk, secretKey: new Uint8Array(secretKey)};","};","","nacl.sign.keyPair.fromSeed = function(seed) {","  checkArrayTypes(seed);","  if (seed.length !== crypto_sign_SEEDBYTES)","    throw new Error('bad seed size');","  var pk = new Uint8Array(crypto_sign_PUBLICKEYBYTES);","  var sk = new Uint8Array(crypto_sign_SECRETKEYBYTES);","  for (var i = 0; i < 32; i++) sk[i] = seed[i];","  crypto_sign_keypair(pk, sk, true);","  return {publicKey: pk, secretKey: sk};","};","","nacl.sign.publicKeyLength = crypto_sign_PUBLICKEYBYTES;","nacl.sign.secretKeyLength = crypto_sign_SECRETKEYBYTES;","nacl.sign.seedLength = crypto_sign_SEEDBYTES;","nacl.sign.signatureLength = crypto_sign_BYTES;","","nacl.hash = function(msg) {","  checkArrayTypes(msg);","  var h = new Uint8Array(crypto_hash_BYTES);","  crypto_hash(h, msg, msg.length);","  return h;","};","","nacl.hash.hashLength = crypto_hash_BYTES;","","nacl.verify = function(x, y) {","  checkArrayTypes(x, y);","  // Zero length arguments are considered not equal.","  if (x.length === 0 || y.length === 0) return false;","  if (x.length !== y.length) return false;","  return (vn(x, 0, y, 0, x.length) === 0) ? true : false;","};","","nacl.setPRNG = function(fn) {","  randombytes = fn;","};","","(function() {","  // Initialize PRNG if environment provides CSPRNG.","  // If not, methods calling randombytes will throw.","  var crypto = typeof self !== 'undefined' ? (self.crypto || self.msCrypto) : null;","  if (crypto && crypto.getRandomValues) {","    // Browsers.","    var QUOTA = 65536;","    nacl.setPRNG(function(x, n) {","      var i, v = new Uint8Array(n);","      for (i = 0; i < n; i += QUOTA) {","        crypto.getRandomValues(v.subarray(i, i + Math.min(n - i, QUOTA)));","      }","      for (i = 0; i < n; i++) x[i] = v[i];","      cleanup(v);","    });","  } else if (typeof require !== 'undefined') {","    // Node.js.","    crypto = require('crypto');","    if (crypto && crypto.randomBytes) {","      nacl.setPRNG(function(x, n) {","        var i, v = crypto.randomBytes(n);","        for (i = 0; i < n; i++) x[i] = v[i];","        cleanup(v);","      });","    }","  }","})();","","})(typeof module !== 'undefined' && module.exports ? module.exports : (self.nacl = self.nacl || {}));",""],"l":{"1":1,"10":80,"11":1,"12":8,"13":83,"14":8,"18":1,"20":1,"21":1,"23":1,"32":1,"34":1,"35":0,"36":0,"37":0,"38":0,"41":1,"42":0,"43":0,"44":0,"47":1,"48":0,"49":0,"52":1,"53":0,"54":0,"55":0,"56":0,"57":0,"58":0,"59":0,"60":0,"63":1,"64":0,"65":0,"66":0,"69":1,"70":0,"73":1,"74":0,"77":1,"78":0,"80":0,"82":0,"83":0,"84":0,"85":0,"86":0,"89":0,"91":0,"92":0,"93":0,"94":0,"95":0,"96":0,"97":0,"98":0,"100":0,"103":0,"104":0,"105":0,"106":0,"107":0,"109":0,"110":0,"111":0,"114":0,"118":1,"119":0,"120":0,"123":1,"124":0,"125":0,"128":1,"131":1,"132":0,"133":0,"134":0,"135":0,"136":0,"137":0,"138":0,"139":0,"140":0,"141":0,"142":0,"143":0,"144":0,"146":0,"147":0,"148":0,"150":0,"151":0,"152":0,"154":0,"157":1,"158":0,"161":1,"162":0,"163":0,"164":0,"167":1,"168":0,"169":0,"170":0,"173":1,"174":0,"175":0,"176":0,"177":0,"178":0,"182":1,"186":1,"187":0,"188":0,"191":0,"192":0,"193":0,"194":0,"195":0,"196":0,"197":0,"198":0,"199":0,"201":0,"202":0,"203":0,"204":0,"205":0,"206":0,"207":0,"208":0,"209":0,"211":0,"212":0,"213":0,"214":0,"215":0,"216":0,"218":0,"219":0,"220":0,"221":0,"222":0,"223":0,"225":0,"228":0,"229":0,"230":0,"231":0,"233":0,"234":0,"235":0,"236":0,"237":0,"240":1,"241":0,"242":0,"243":0,"246":1,"247":0,"248":0,"249":0,"250":0,"251":0,"252":0,"255":1,"256":0,"257":0,"258":0,"259":0,"260":0,"261":0,"262":0,"263":0,"266":1,"267":0,"268":0,"271":1,"272":0,"273":0,"274":0,"275":0,"276":0,"277":0,"278":0,"282":1,"283":0,"284":0,"285":0,"286":0,"287":0,"291":1,"292":0,"293":0,"294":0,"295":0,"296":0,"297":0,"298":0,"299":0,"300":0,"301":0,"302":0,"304":0,"305":0,"306":0,"307":0,"309":0,"310":0,"311":0,"315":1,"316":0,"317":0,"318":0,"319":0,"322":1,"323":0,"324":0,"325":0,"328":1,"329":0,"330":0,"331":0,"334":1,"335":0,"336":0,"339":1,"340":0,"341":0,"344":1,"345":0,"346":0,"347":0,"348":0,"349":0,"352":0,"353":0,"355":0,"356":0,"357":0,"360":1,"361":0,"364":1,"365":0,"366":0,"367":0,"368":0,"369":0,"370":0,"372":0,"375":1,"376":0,"377":0,"378":0,"379":0,"380":0,"381":0,"383":0,"386":1,"387":0,"388":0,"389":0,"391":0,"392":0,"393":0,"394":0,"395":0,"396":0,"397":0,"399":0,"400":0,"401":0,"402":0,"403":0,"404":0,"405":0,"406":0,"407":0,"408":0,"409":0,"410":0,"411":0,"412":0,"413":0,"414":0,"415":0,"416":0,"417":0,"418":0,"419":0,"420":0,"421":0,"422":0,"423":0,"425":0,"426":0,"427":0,"428":0,"429":0,"431":0,"432":0,"433":0,"434":0,"435":0,"436":0,"439":1,"440":0,"443":1,"444":0,"445":0,"448":1,"449":0,"450":0,"451":0,"454":1,"455":1,"457":1,"458":0,"459":0,"460":0,"463":1,"464":0,"465":0,"466":0,"469":1,"470":0,"471":0,"472":0,"473":0,"474":0,"475":0,"478":0,"479":0,"480":0,"482":0,"485":1,"486":0,"489":1,"490":0,"491":0,"492":0,"493":0,"495":0,"498":1,"499":0,"500":0,"501":0,"502":0,"503":0,"504":0,"505":0,"507":0,"510":1,"511":0,"513":0,"516":1,"517":0,"519":0,"522":1,"523":1,"524":1,"525":1,"527":1,"570":1,"571":0,"573":0,"575":0,"576":0,"577":0,"578":0,"579":0,"580":0,"581":0,"582":0,"583":0,"584":0,"585":0,"586":0,"591":0,"592":0,"593":0,"596":0,"597":0,"600":0,"601":0,"604":1,"615":1,"616":0,"617":0,"619":0,"621":0,"622":0,"624":0,"625":0,"626":0,"628":0,"629":0,"630":0,"631":0,"633":0,"635":0,"638":1,"639":0,"643":0,"644":0,"645":0,"646":0,"647":0,"648":0,"649":0,"650":0,"651":0,"652":0,"653":0,"654":0,"655":0,"656":0,"658":0,"659":0,"660":0,"661":0,"664":1,"665":0,"666":0,"667":0,"671":1,"672":0,"673":0,"674":0,"675":0,"676":0,"677":0,"680":1,"681":0,"682":0,"683":0,"684":0,"685":0,"686":0,"687":0,"688":0,"689":0,"690":0,"691":0,"695":1,"696":0,"697":0,"698":0,"699":0,"700":0,"701":0,"704":1,"705":0,"706":0,"707":0,"709":0,"710":0,"711":0,"712":0,"713":0,"715":0,"716":0,"718":0,"719":0,"722":1,"724":1,"725":0,"726":0,"727":0,"728":0,"729":0,"730":0,"731":0,"733":0,"734":0,"736":0,"737":0,"738":0,"739":0,"740":0,"742":0,"743":0,"744":0,"745":0,"749":1,"750":0,"751":0,"752":0,"753":0,"757":1,"758":0,"759":0,"760":0,"762":0,"763":0,"764":0,"765":0,"767":0,"768":0,"769":0,"771":0,"772":0,"773":0,"774":0,"776":0,"777":0,"778":0,"780":0,"781":0,"782":0,"783":0,"784":0,"788":0,"789":0,"792":1,"793":0,"797":0,"798":0,"799":0,"800":0,"801":0,"802":0,"804":0,"805":0,"806":0,"807":0,"808":0,"810":0,"811":0,"812":0,"813":0,"814":0,"816":0,"817":0,"818":0,"820":0,"821":0,"822":0,"824":0,"826":0,"827":0,"830":1,"831":0,"832":0,"833":0,"836":0,"837":0,"839":0,"841":0,"842":0,"843":0,"844":0,"845":0,"847":0,"848":0,"849":0,"851":0,"852":0,"853":0,"854":0,"857":0,"858":0,"859":0,"862":1,"880":1,"925":1,"926":0,"927":0,"930":1,"931":0,"932":0,"935":1,"936":0,"937":0,"938":0,"939":0,"943":1,"944":0,"948":1,"949":1,"950":1,"951":0,"955":1,"956":0,"957":0,"958":0,"961":1,"962":0,"963":0,"964":0,"965":0,"966":0,"967":0,"968":0,"971":1,"972":0,"973":0,"974":0,"975":0,"976":0,"977":0,"978":0,"979":0,"982":1,"983":1,"984":1,"986":1,"987":0,"988":0,"989":0,"990":0,"991":0,"992":0,"995":1,"996":0,"997":0,"998":0,"999":0,"1000":0,"1003":1,"1004":1,"1006":1,"1007":0,"1008":0,"1011":1,"1012":0,"1013":0,"1014":0,"1015":0,"1016":0,"1019":1,"1021":1,"1022":0,"1023":0,"1026":1,"1028":1,"1029":0,"1030":0,"1031":0,"1032":0,"1035":1,"1036":0,"1037":0,"1038":0,"1039":0,"1040":0,"1041":0,"1044":1,"1045":1,"1046":1,"1047":1,"1048":1,"1050":1,"1051":0,"1052":0,"1053":0,"1054":0,"1055":0,"1056":0,"1059":1,"1060":0,"1061":0,"1062":0,"1063":0,"1064":0,"1065":0,"1066":0,"1067":0,"1068":0,"1069":0,"1070":0,"1073":1,"1074":0,"1075":0,"1076":0,"1077":0,"1080":1,"1081":0,"1082":0,"1083":0,"1084":0,"1085":0,"1086":0,"1087":0,"1088":0,"1089":0,"1090":0,"1091":0,"1094":1,"1095":0,"1096":0,"1097":0,"1098":0,"1101":1,"1102":0,"1103":0,"1104":0,"1105":0,"1106":0,"1107":0,"1110":1,"1111":0,"1112":0,"1113":0,"1114":0,"1115":0,"1116":0,"1117":0,"1118":0,"1121":1,"1122":1,"1123":1,"1124":1,"1126":1,"1127":0,"1128":0,"1129":0,"1130":0,"1133":1,"1135":1,"1136":0,"1138":0,"1139":0,"1140":0,"1143":1,"1144":1,"1147":1,"1150":1,"1151":1,"1153":0,"1154":0,"1155":0,"1156":0,"1157":0,"1159":0,"1160":0,"1162":1,"1164":1,"1165":1,"1166":1,"1167":0,"1168":0,"1169":0}}}